<?xml version="1.0" encoding="utf-8" standalone="no"?>
<test-run id="0" runstate="Runnable" testcasecount="80" result="Failed" total="80" passed="0" failed="79" inconclusive="0" skipped="1" asserts="0" engine-version="3.11.1.0" clr-version="4.0.30319.42000" start-time="2020-09-30 21:47:49Z" end-time="2020-09-30 21:48:23Z" duration="34.032592">
  <command-line><![CDATA["C:\Users\jcrocker\OneDrive - The Juice Plus+ Company\Desktop\git\JPAutomation\AutomationTests\packages\NUnit.ConsoleRunner.3.11.1\tools\nunit3-console.exe" "C:\Users\jcrocker\OneDrive - The Juice Plus+ Company\Desktop\git\JPAutomation\AutomationTests\AutomationTests\bin\Debug\AutomationTests.exe"]]></command-line>
  <test-suite type="Assembly" id="0-1093" name="AutomationTests.exe" fullname="C:\Users\jcrocker\OneDrive - The Juice Plus+ Company\Desktop\git\JPAutomation\AutomationTests\AutomationTests\bin\Debug\AutomationTests.exe" runstate="Runnable" testcasecount="80" result="Failed" site="Child" start-time="2020-09-30 21:47:50Z" end-time="2020-09-30 21:48:23Z" duration="33.574541" total="80" passed="0" failed="79" warnings="0" inconclusive="0" skipped="1" asserts="0">
    <environment framework-version="3.12.0.0" clr-version="4.0.30319.42000" os-version="Microsoft Windows NT 10.0.17763.0" platform="Win32NT" cwd="C:\Users\jcrocker\OneDrive - The Juice Plus+ Company\Desktop\git\JPAutomation\AutomationTests\packages\NUnit.ConsoleRunner.3.11.1\tools" machine-name="MEM-IT-LT07" user="jcrocker" user-domain="NSANET" culture="en-US" uiculture="en-US" os-architecture="x86" />
    <settings>
      <setting name="DisposeRunners" value="True" />
      <setting name="WorkDirectory" value="C:\Users\jcrocker\OneDrive - The Juice Plus+ Company\Desktop\git\JPAutomation\AutomationTests\packages\NUnit.ConsoleRunner.3.11.1\tools" />
      <setting name="ImageRuntimeVersion" value="4.0.30319" />
      <setting name="ImageTargetFrameworkName" value=".NETFramework,Version=v4.5.2" />
      <setting name="ImageRequiresX86" value="True" />
      <setting name="RunAsX86" value="True" />
      <setting name="ImageRequiresDefaultAppDomainAssemblyResolver" value="False" />
      <setting name="RuntimeFramework" value="net-4.0" />
      <setting name="NumberOfTestWorkers" value="12" />
    </settings>
    <properties>
      <property name="_PID" value="8472" />
      <property name="_APPDOMAIN" value="domain-" />
    </properties>
    <failure>
      <message><![CDATA[One or more child tests had errors]]></message>
    </failure>
    <test-suite type="TestSuite" id="0-1094" name="AutomationTests" fullname="AutomationTests" runstate="Runnable" testcasecount="80" result="Failed" site="Child" start-time="2020-09-30 21:47:50Z" end-time="2020-09-30 21:48:23Z" duration="33.563441" total="80" passed="0" failed="79" warnings="0" inconclusive="0" skipped="1" asserts="0">
      <failure>
        <message><![CDATA[One or more child tests had errors]]></message>
      </failure>
      <test-suite type="TestSuite" id="0-1103" name="nsanet" fullname="AutomationTests.nsanet" runstate="Runnable" testcasecount="48" result="Failed" site="Child" start-time="2020-09-30 21:47:50Z" end-time="2020-09-30 21:48:11Z" duration="21.734433" total="48" passed="0" failed="48" warnings="0" inconclusive="0" skipped="0" asserts="0">
        <failure>
          <message><![CDATA[One or more child tests had errors]]></message>
        </failure>
        <test-suite type="TestSuite" id="0-1104" name="com" fullname="AutomationTests.nsanet.com" runstate="Runnable" testcasecount="48" result="Failed" site="Child" start-time="2020-09-30 21:47:50Z" end-time="2020-09-30 21:48:11Z" duration="21.734426" total="48" passed="0" failed="48" warnings="0" inconclusive="0" skipped="0" asserts="0">
          <failure>
            <message><![CDATA[One or more child tests had errors]]></message>
          </failure>
          <test-suite type="TestFixture" id="0-1085" name="OrderEntryTest" fullname="AutomationTests.nsanet.com.OrderEntryTest" classname="AutomationTests.nsanet.com.OrderEntryTest" runstate="Runnable" testcasecount="3" result="Failed" site="Child" start-time="2020-09-30 21:47:54Z" end-time="2020-09-30 21:47:57Z" duration="3.060209" total="3" passed="0" failed="3" warnings="0" inconclusive="0" skipped="0" asserts="0">
            <properties>
              <property name="ParallelScope" value="All" />
            </properties>
            <failure>
              <message><![CDATA[One or more child tests had errors]]></message>
            </failure>
            <test-case id="0-1088" name="OrderEntry_NSANet_UK" fullname="AutomationTests.nsanet.com.OrderEntryTest.OrderEntry_NSANet_UK" methodname="OrderEntry_NSANet_UK" classname="AutomationTests.nsanet.com.OrderEntryTest" runstate="Runnable" seed="630248005" result="Failed" label="Error" start-time="2020-09-30 21:47:54Z" end-time="2020-09-30 21:47:57Z" duration="2.789625" asserts="0">
              <properties>
                <property name="Description" value="Create UK Order on NSA Net Order Entry" />
                <property name="Category" value="LegacyRegression" />
                <property name="Category" value="OrderEntry" />
                <property name="Repeat" value="1" />
              </properties>
              <failure>
                <message><![CDATA[System.InvalidOperationException : session not created: This version of ChromeDriver only supports Chrome version 83 (SessionNotCreated)
TearDown : System.NullReferenceException : Object reference not set to an instance of an object.]]></message>
                <stack-trace><![CDATA[   at OpenQA.Selenium.Remote.RemoteWebDriver.UnpackAndThrowOnError(Response errorResponse)
   at OpenQA.Selenium.Remote.RemoteWebDriver.Execute(String driverCommandToExecute, Dictionary`2 parameters)
   at OpenQA.Selenium.Remote.RemoteWebDriver.StartSession(ICapabilities desiredCapabilities)
   at OpenQA.Selenium.Remote.RemoteWebDriver..ctor(ICommandExecutor commandExecutor, ICapabilities desiredCapabilities)
   at OpenQA.Selenium.Chrome.ChromeDriver..ctor(ChromeDriverService service, ChromeOptions options, TimeSpan commandTimeout)
   at OpenQA.Selenium.Chrome.ChromeDriver..ctor(ChromeOptions options)
   at AutomationTests.ConfigElements.Driver..ctor(BrowserType browserType) in C:\Users\jcrocker\New folder (3)\JPAutomation\AutomationTests\AutomationTests\Config\Driver.cs:line 77
   at AutomationTests.nsanet.com.OrderEntryTest.Setup() in C:\Users\jcrocker\New folder (3)\JPAutomation\AutomationTests\AutomationTests\Tests\NSA Net\OrderEntryTest.cs:line 41
--TearDown
   at AutomationTests.ExtentHelper.LogTest(TestContext testContext, Driver driver) in C:\Users\jcrocker\New folder (3)\JPAutomation\AutomationTests\AutomationTests\Tests\ExtentHelper.cs:line 73
   at AutomationTests.nsanet.com.OrderEntryTest.TearDown() in C:\Users\jcrocker\New folder (3)\JPAutomation\AutomationTests\AutomationTests\Tests\NSA Net\OrderEntryTest.cs:line 131]]></stack-trace>
              </failure>
            </test-case>
            <test-case id="0-1086" name="OrderEntry_NSANet_US" fullname="AutomationTests.nsanet.com.OrderEntryTest.OrderEntry_NSANet_US" methodname="OrderEntry_NSANet_US" classname="AutomationTests.nsanet.com.OrderEntryTest" runstate="Runnable" seed="746322371" result="Failed" label="Error" start-time="2020-09-30 21:47:54Z" end-time="2020-09-30 21:47:57Z" duration="2.844724" asserts="0">
              <properties>
                <property name="Description" value="Create US Order on NSA Net Order Entry" />
                <property name="Category" value="LegacyRegression" />
                <property name="Category" value="OrderEntry" />
                <property name="Repeat" value="1" />
              </properties>
              <failure>
                <message><![CDATA[System.InvalidOperationException : session not created: This version of ChromeDriver only supports Chrome version 83 (SessionNotCreated)
TearDown : System.NullReferenceException : Object reference not set to an instance of an object.]]></message>
                <stack-trace><![CDATA[   at OpenQA.Selenium.Remote.RemoteWebDriver.UnpackAndThrowOnError(Response errorResponse)
   at OpenQA.Selenium.Remote.RemoteWebDriver.Execute(String driverCommandToExecute, Dictionary`2 parameters)
   at OpenQA.Selenium.Remote.RemoteWebDriver.StartSession(ICapabilities desiredCapabilities)
   at OpenQA.Selenium.Remote.RemoteWebDriver..ctor(ICommandExecutor commandExecutor, ICapabilities desiredCapabilities)
   at OpenQA.Selenium.Chrome.ChromeDriver..ctor(ChromeDriverService service, ChromeOptions options, TimeSpan commandTimeout)
   at OpenQA.Selenium.Chrome.ChromeDriver..ctor(ChromeOptions options)
   at AutomationTests.ConfigElements.Driver..ctor(BrowserType browserType) in C:\Users\jcrocker\New folder (3)\JPAutomation\AutomationTests\AutomationTests\Config\Driver.cs:line 77
   at AutomationTests.nsanet.com.OrderEntryTest.Setup() in C:\Users\jcrocker\New folder (3)\JPAutomation\AutomationTests\AutomationTests\Tests\NSA Net\OrderEntryTest.cs:line 41
--TearDown
   at AutomationTests.ExtentHelper.LogTest(TestContext testContext, Driver driver) in C:\Users\jcrocker\New folder (3)\JPAutomation\AutomationTests\AutomationTests\Tests\ExtentHelper.cs:line 73
   at AutomationTests.nsanet.com.OrderEntryTest.TearDown() in C:\Users\jcrocker\New folder (3)\JPAutomation\AutomationTests\AutomationTests\Tests\NSA Net\OrderEntryTest.cs:line 131]]></stack-trace>
              </failure>
            </test-case>
            <test-case id="0-1087" name="OrderEntry_NSANet_CA" fullname="AutomationTests.nsanet.com.OrderEntryTest.OrderEntry_NSANet_CA" methodname="OrderEntry_NSANet_CA" classname="AutomationTests.nsanet.com.OrderEntryTest" runstate="Runnable" seed="1320618612" result="Failed" label="Error" start-time="2020-09-30 21:47:54Z" end-time="2020-09-30 21:47:57Z" duration="2.905379" asserts="0">
              <properties>
                <property name="Description" value="Create CA Order on NSA Net Order Entry" />
                <property name="Category" value="LegacyRegression" />
                <property name="Category" value="OrderEntry" />
                <property name="Repeat" value="1" />
              </properties>
              <failure>
                <message><![CDATA[System.InvalidOperationException : session not created: This version of ChromeDriver only supports Chrome version 83 (SessionNotCreated)
TearDown : System.NullReferenceException : Object reference not set to an instance of an object.]]></message>
                <stack-trace><![CDATA[   at OpenQA.Selenium.Remote.RemoteWebDriver.UnpackAndThrowOnError(Response errorResponse)
   at OpenQA.Selenium.Remote.RemoteWebDriver.Execute(String driverCommandToExecute, Dictionary`2 parameters)
   at OpenQA.Selenium.Remote.RemoteWebDriver.StartSession(ICapabilities desiredCapabilities)
   at OpenQA.Selenium.Remote.RemoteWebDriver..ctor(ICommandExecutor commandExecutor, ICapabilities desiredCapabilities)
   at OpenQA.Selenium.Chrome.ChromeDriver..ctor(ChromeDriverService service, ChromeOptions options, TimeSpan commandTimeout)
   at OpenQA.Selenium.Chrome.ChromeDriver..ctor(ChromeOptions options)
   at AutomationTests.ConfigElements.Driver..ctor(BrowserType browserType) in C:\Users\jcrocker\New folder (3)\JPAutomation\AutomationTests\AutomationTests\Config\Driver.cs:line 77
   at AutomationTests.nsanet.com.OrderEntryTest.Setup() in C:\Users\jcrocker\New folder (3)\JPAutomation\AutomationTests\AutomationTests\Tests\NSA Net\OrderEntryTest.cs:line 41
--TearDown
   at AutomationTests.ExtentHelper.LogTest(TestContext testContext, Driver driver) in C:\Users\jcrocker\New folder (3)\JPAutomation\AutomationTests\AutomationTests\Tests\ExtentHelper.cs:line 73
   at AutomationTests.nsanet.com.OrderEntryTest.TearDown() in C:\Users\jcrocker\New folder (3)\JPAutomation\AutomationTests\AutomationTests\Tests\NSA Net\OrderEntryTest.cs:line 131]]></stack-trace>
              </failure>
            </test-case>
          </test-suite>
          <test-suite type="TestFixture" id="0-1036" name="AroEntryTest" fullname="AutomationTests.nsanet.com.AroEntryTest" classname="AutomationTests.nsanet.com.AroEntryTest" runstate="Runnable" testcasecount="23" result="Failed" site="Child" start-time="2020-09-30 21:47:54Z" end-time="2020-09-30 21:48:08Z" duration="14.068451" total="23" passed="0" failed="23" warnings="0" inconclusive="0" skipped="0" asserts="0">
            <properties>
              <property name="ParallelScope" value="All" />
            </properties>
            <failure>
              <message><![CDATA[One or more child tests had errors]]></message>
            </failure>
            <test-case id="0-1060" name="AROEntry_NSANet_Belgium" fullname="AutomationTests.nsanet.com.AroEntryTest.AROEntry_NSANet_Belgium" methodname="AROEntry_NSANet_Belgium" classname="AutomationTests.nsanet.com.AroEntryTest" runstate="Runnable" seed="1753836107" result="Failed" label="Error" start-time="2020-09-30 21:47:54Z" end-time="2020-09-30 21:47:57Z" duration="2.378312" asserts="0">
              <properties>
                <property name="Description" value="Create Belgium ARO on NSANet Aro Entry" />
                <property name="Category" value="LegacyRegression" />
                <property name="Category" value="NSANet" />
                <property name="Category" value="AROEntry" />
                <property name="Repeat" value="1" />
              </properties>
              <failure>
                <message><![CDATA[System.InvalidOperationException : session not created: This version of ChromeDriver only supports Chrome version 83 (SessionNotCreated)
TearDown : System.NullReferenceException : Object reference not set to an instance of an object.]]></message>
                <stack-trace><![CDATA[   at OpenQA.Selenium.Remote.RemoteWebDriver.UnpackAndThrowOnError(Response errorResponse)
   at OpenQA.Selenium.Remote.RemoteWebDriver.Execute(String driverCommandToExecute, Dictionary`2 parameters)
   at OpenQA.Selenium.Remote.RemoteWebDriver.StartSession(ICapabilities desiredCapabilities)
   at OpenQA.Selenium.Remote.RemoteWebDriver..ctor(ICommandExecutor commandExecutor, ICapabilities desiredCapabilities)
   at OpenQA.Selenium.Chrome.ChromeDriver..ctor(ChromeDriverService service, ChromeOptions options, TimeSpan commandTimeout)
   at OpenQA.Selenium.Chrome.ChromeDriver..ctor(ChromeOptions options)
   at AutomationTests.ConfigElements.Driver..ctor(BrowserType browserType) in C:\Users\jcrocker\New folder (3)\JPAutomation\AutomationTests\AutomationTests\Config\Driver.cs:line 77
   at AutomationTests.nsanet.com.AroEntryTest.Setup() in C:\Users\jcrocker\New folder (3)\JPAutomation\AutomationTests\AutomationTests\Tests\NSA Net\AroEntryTest.cs:line 45
--TearDown
   at AutomationTests.ExtentHelper.LogTest(TestContext testContext, Driver driver) in C:\Users\jcrocker\New folder (3)\JPAutomation\AutomationTests\AutomationTests\Tests\ExtentHelper.cs:line 73
   at AutomationTests.nsanet.com.AroEntryTest.TearDown() in C:\Users\jcrocker\New folder (3)\JPAutomation\AutomationTests\AutomationTests\Tests\NSA Net\AroEntryTest.cs:line 197]]></stack-trace>
              </failure>
            </test-case>
            <test-case id="0-1059" name="AROEntry_NSANet_Australia" fullname="AutomationTests.nsanet.com.AroEntryTest.AROEntry_NSANet_Australia" methodname="AROEntry_NSANet_Australia" classname="AutomationTests.nsanet.com.AroEntryTest" runstate="Runnable" seed="288089449" result="Failed" label="Error" start-time="2020-09-30 21:47:54Z" end-time="2020-09-30 21:47:57Z" duration="2.589989" asserts="0">
              <properties>
                <property name="Description" value="Create Australia ARO on NSANet Aro Entry" />
                <property name="Category" value="LegacyRegression" />
                <property name="Category" value="NSANet" />
                <property name="Category" value="AROEntry" />
                <property name="Repeat" value="1" />
              </properties>
              <failure>
                <message><![CDATA[System.InvalidOperationException : session not created: This version of ChromeDriver only supports Chrome version 83 (SessionNotCreated)
TearDown : System.NullReferenceException : Object reference not set to an instance of an object.]]></message>
                <stack-trace><![CDATA[   at OpenQA.Selenium.Remote.RemoteWebDriver.UnpackAndThrowOnError(Response errorResponse)
   at OpenQA.Selenium.Remote.RemoteWebDriver.Execute(String driverCommandToExecute, Dictionary`2 parameters)
   at OpenQA.Selenium.Remote.RemoteWebDriver.StartSession(ICapabilities desiredCapabilities)
   at OpenQA.Selenium.Remote.RemoteWebDriver..ctor(ICommandExecutor commandExecutor, ICapabilities desiredCapabilities)
   at OpenQA.Selenium.Chrome.ChromeDriver..ctor(ChromeDriverService service, ChromeOptions options, TimeSpan commandTimeout)
   at OpenQA.Selenium.Chrome.ChromeDriver..ctor(ChromeOptions options)
   at AutomationTests.ConfigElements.Driver..ctor(BrowserType browserType) in C:\Users\jcrocker\New folder (3)\JPAutomation\AutomationTests\AutomationTests\Config\Driver.cs:line 77
   at AutomationTests.nsanet.com.AroEntryTest.Setup() in C:\Users\jcrocker\New folder (3)\JPAutomation\AutomationTests\AutomationTests\Tests\NSA Net\AroEntryTest.cs:line 45
--TearDown
   at AutomationTests.ExtentHelper.LogTest(TestContext testContext, Driver driver) in C:\Users\jcrocker\New folder (3)\JPAutomation\AutomationTests\AutomationTests\Tests\ExtentHelper.cs:line 73
   at AutomationTests.nsanet.com.AroEntryTest.TearDown() in C:\Users\jcrocker\New folder (3)\JPAutomation\AutomationTests\AutomationTests\Tests\NSA Net\AroEntryTest.cs:line 197]]></stack-trace>
              </failure>
            </test-case>
            <test-case id="0-1058" name="AROEntry_NSANet_Canada" fullname="AutomationTests.nsanet.com.AroEntryTest.AROEntry_NSANet_Canada" methodname="AROEntry_NSANet_Canada" classname="AutomationTests.nsanet.com.AroEntryTest" runstate="Runnable" seed="511648444" result="Failed" label="Error" start-time="2020-09-30 21:47:54Z" end-time="2020-09-30 21:47:57Z" duration="2.679200" asserts="0">
              <properties>
                <property name="Description" value="Create Canada ARO on NSANet Aro Entry" />
                <property name="Category" value="LegacyRegression" />
                <property name="Category" value="NSANet" />
                <property name="Category" value="AROEntry" />
                <property name="Repeat" value="1" />
              </properties>
              <failure>
                <message><![CDATA[System.InvalidOperationException : session not created: This version of ChromeDriver only supports Chrome version 83 (SessionNotCreated)
TearDown : System.NullReferenceException : Object reference not set to an instance of an object.]]></message>
                <stack-trace><![CDATA[   at OpenQA.Selenium.Remote.RemoteWebDriver.UnpackAndThrowOnError(Response errorResponse)
   at OpenQA.Selenium.Remote.RemoteWebDriver.Execute(String driverCommandToExecute, Dictionary`2 parameters)
   at OpenQA.Selenium.Remote.RemoteWebDriver.StartSession(ICapabilities desiredCapabilities)
   at OpenQA.Selenium.Remote.RemoteWebDriver..ctor(ICommandExecutor commandExecutor, ICapabilities desiredCapabilities)
   at OpenQA.Selenium.Chrome.ChromeDriver..ctor(ChromeDriverService service, ChromeOptions options, TimeSpan commandTimeout)
   at OpenQA.Selenium.Chrome.ChromeDriver..ctor(ChromeOptions options)
   at AutomationTests.ConfigElements.Driver..ctor(BrowserType browserType) in C:\Users\jcrocker\New folder (3)\JPAutomation\AutomationTests\AutomationTests\Config\Driver.cs:line 77
   at AutomationTests.nsanet.com.AroEntryTest.Setup() in C:\Users\jcrocker\New folder (3)\JPAutomation\AutomationTests\AutomationTests\Tests\NSA Net\AroEntryTest.cs:line 45
--TearDown
   at AutomationTests.ExtentHelper.LogTest(TestContext testContext, Driver driver) in C:\Users\jcrocker\New folder (3)\JPAutomation\AutomationTests\AutomationTests\Tests\ExtentHelper.cs:line 73
   at AutomationTests.nsanet.com.AroEntryTest.TearDown() in C:\Users\jcrocker\New folder (3)\JPAutomation\AutomationTests\AutomationTests\Tests\NSA Net\AroEntryTest.cs:line 197]]></stack-trace>
              </failure>
            </test-case>
            <test-case id="0-1057" name="AROEntry_NSANet_UnitedStates" fullname="AutomationTests.nsanet.com.AroEntryTest.AROEntry_NSANet_UnitedStates" methodname="AROEntry_NSANet_UnitedStates" classname="AutomationTests.nsanet.com.AroEntryTest" runstate="Runnable" seed="841087417" result="Failed" label="Error" start-time="2020-09-30 21:48:04Z" end-time="2020-09-30 21:48:06Z" duration="1.930852" asserts="0">
              <properties>
                <property name="Description" value="Create United States ARO on NSANet Aro Entry" />
                <property name="Category" value="LegacyRegression" />
                <property name="Category" value="NSANet" />
                <property name="Category" value="AROEntry" />
                <property name="Repeat" value="1" />
              </properties>
              <failure>
                <message><![CDATA[System.InvalidOperationException : session not created: This version of ChromeDriver only supports Chrome version 83 (SessionNotCreated)
TearDown : System.NullReferenceException : Object reference not set to an instance of an object.]]></message>
                <stack-trace><![CDATA[   at OpenQA.Selenium.Remote.RemoteWebDriver.UnpackAndThrowOnError(Response errorResponse)
   at OpenQA.Selenium.Remote.RemoteWebDriver.Execute(String driverCommandToExecute, Dictionary`2 parameters)
   at OpenQA.Selenium.Remote.RemoteWebDriver.StartSession(ICapabilities desiredCapabilities)
   at OpenQA.Selenium.Remote.RemoteWebDriver..ctor(ICommandExecutor commandExecutor, ICapabilities desiredCapabilities)
   at OpenQA.Selenium.Chrome.ChromeDriver..ctor(ChromeDriverService service, ChromeOptions options, TimeSpan commandTimeout)
   at OpenQA.Selenium.Chrome.ChromeDriver..ctor(ChromeOptions options)
   at AutomationTests.ConfigElements.Driver..ctor(BrowserType browserType) in C:\Users\jcrocker\New folder (3)\JPAutomation\AutomationTests\AutomationTests\Config\Driver.cs:line 77
   at AutomationTests.nsanet.com.AroEntryTest.Setup() in C:\Users\jcrocker\New folder (3)\JPAutomation\AutomationTests\AutomationTests\Tests\NSA Net\AroEntryTest.cs:line 45
--TearDown
   at AutomationTests.ExtentHelper.LogTest(TestContext testContext, Driver driver) in C:\Users\jcrocker\New folder (3)\JPAutomation\AutomationTests\AutomationTests\Tests\ExtentHelper.cs:line 73
   at AutomationTests.nsanet.com.AroEntryTest.TearDown() in C:\Users\jcrocker\New folder (3)\JPAutomation\AutomationTests\AutomationTests\Tests\NSA Net\AroEntryTest.cs:line 197]]></stack-trace>
              </failure>
            </test-case>
            <test-suite type="ParameterizedMethod" id="0-1056" name="AROEntry_NSANet_Generic" fullname="AutomationTests.nsanet.com.AroEntryTest.AROEntry_NSANet_Generic" classname="AutomationTests.nsanet.com.AroEntryTest" runstate="Runnable" testcasecount="19" result="Failed" site="Child" start-time="2020-09-30 21:47:54Z" end-time="2020-09-30 21:48:08Z" duration="13.913811" total="19" passed="0" failed="19" warnings="0" inconclusive="0" skipped="0" asserts="0">
              <properties>
                <property name="Description" value="Create Generic ARO on NSANet Aro Entry" />
                <property name="Category" value="LegacyRegression" />
                <property name="Category" value="NSANet" />
                <property name="Repeat" value="1" />
              </properties>
              <failure>
                <message><![CDATA[One or more child tests had errors]]></message>
              </failure>
              <test-case id="0-1038" name="AROEntry_NSANet_Generic(&quot;BEL&quot;,&quot;Rue Duquesnoy 5&quot;,&quot;1000&quot;,&quot;Bruxelles&quot;,&quot;N/A&quot;,&quot;N/A&quot;,&quot;0294963000&quot;,&quot;0412345678&quot;,&quot;121290&quot;,&quot;490105034&quot;,&quot;Visa&quot;,&quot;4242424242424242&quot;,&quot;01&quot;,&quot;25&quot;)" fullname="AutomationTests.nsanet.com.AroEntryTest.AROEntry_NSANet_Generic(&quot;BEL&quot;,&quot;Rue Duquesnoy 5&quot;,&quot;1000&quot;,&quot;Bruxelles&quot;,&quot;N/A&quot;,&quot;N/A&quot;,&quot;0294963000&quot;,&quot;0412345678&quot;,&quot;121290&quot;,&quot;490105034&quot;,&quot;Visa&quot;,&quot;4242424242424242&quot;,&quot;01&quot;,&quot;25&quot;)" methodname="AROEntry_NSANet_Generic" classname="AutomationTests.nsanet.com.AroEntryTest" runstate="Runnable" seed="697501676" result="Failed" label="Error" start-time="2020-09-30 21:47:57Z" end-time="2020-09-30 21:48:00Z" duration="3.078377" asserts="0">
                <failure>
                  <message><![CDATA[System.InvalidOperationException : session not created: This version of ChromeDriver only supports Chrome version 83 (SessionNotCreated)
TearDown : System.NullReferenceException : Object reference not set to an instance of an object.]]></message>
                  <stack-trace><![CDATA[   at OpenQA.Selenium.Remote.RemoteWebDriver.UnpackAndThrowOnError(Response errorResponse)
   at OpenQA.Selenium.Remote.RemoteWebDriver.Execute(String driverCommandToExecute, Dictionary`2 parameters)
   at OpenQA.Selenium.Remote.RemoteWebDriver.StartSession(ICapabilities desiredCapabilities)
   at OpenQA.Selenium.Remote.RemoteWebDriver..ctor(ICommandExecutor commandExecutor, ICapabilities desiredCapabilities)
   at OpenQA.Selenium.Chrome.ChromeDriver..ctor(ChromeDriverService service, ChromeOptions options, TimeSpan commandTimeout)
   at OpenQA.Selenium.Chrome.ChromeDriver..ctor(ChromeOptions options)
   at AutomationTests.ConfigElements.Driver..ctor(BrowserType browserType) in C:\Users\jcrocker\New folder (3)\JPAutomation\AutomationTests\AutomationTests\Config\Driver.cs:line 77
   at AutomationTests.nsanet.com.AroEntryTest.Setup() in C:\Users\jcrocker\New folder (3)\JPAutomation\AutomationTests\AutomationTests\Tests\NSA Net\AroEntryTest.cs:line 45
--TearDown
   at AutomationTests.ExtentHelper.LogTest(TestContext testContext, Driver driver) in C:\Users\jcrocker\New folder (3)\JPAutomation\AutomationTests\AutomationTests\Tests\ExtentHelper.cs:line 73
   at AutomationTests.nsanet.com.AroEntryTest.TearDown() in C:\Users\jcrocker\New folder (3)\JPAutomation\AutomationTests\AutomationTests\Tests\NSA Net\AroEntryTest.cs:line 197]]></stack-trace>
                </failure>
              </test-case>
              <test-case id="0-1041" name="AROEntry_NSANet_Generic(&quot;FI&quot;,&quot;Pieni Roobertinkatu 1&quot;,&quot;001 30&quot;,&quot;Helsinki&quot;,&quot;N/A&quot;,&quot;N/A&quot;,&quot;358 9 6899880&quot;,&quot;358 9 6899880&quot;,&quot;N/A&quot;,&quot;490105084&quot;,&quot;Visa&quot;,&quot;4242424242424242&quot;,&quot;01&quot;,&quot;25&quot;)" fullname="AutomationTests.nsanet.com.AroEntryTest.AROEntry_NSANet_Generic(&quot;FI&quot;,&quot;Pieni Roobertinkatu 1&quot;,&quot;001 30&quot;,&quot;Helsinki&quot;,&quot;N/A&quot;,&quot;N/A&quot;,&quot;358 9 6899880&quot;,&quot;358 9 6899880&quot;,&quot;N/A&quot;,&quot;490105084&quot;,&quot;Visa&quot;,&quot;4242424242424242&quot;,&quot;01&quot;,&quot;25&quot;)" methodname="AROEntry_NSANet_Generic" classname="AutomationTests.nsanet.com.AroEntryTest" runstate="Runnable" seed="1977982278" result="Failed" label="Error" start-time="2020-09-30 21:48:00Z" end-time="2020-09-30 21:48:02Z" duration="2.046846" asserts="0">
                <failure>
                  <message><![CDATA[System.InvalidOperationException : session not created: This version of ChromeDriver only supports Chrome version 83 (SessionNotCreated)
TearDown : System.NullReferenceException : Object reference not set to an instance of an object.]]></message>
                  <stack-trace><![CDATA[   at OpenQA.Selenium.Remote.RemoteWebDriver.UnpackAndThrowOnError(Response errorResponse)
   at OpenQA.Selenium.Remote.RemoteWebDriver.Execute(String driverCommandToExecute, Dictionary`2 parameters)
   at OpenQA.Selenium.Remote.RemoteWebDriver.StartSession(ICapabilities desiredCapabilities)
   at OpenQA.Selenium.Remote.RemoteWebDriver..ctor(ICommandExecutor commandExecutor, ICapabilities desiredCapabilities)
   at OpenQA.Selenium.Chrome.ChromeDriver..ctor(ChromeDriverService service, ChromeOptions options, TimeSpan commandTimeout)
   at OpenQA.Selenium.Chrome.ChromeDriver..ctor(ChromeOptions options)
   at AutomationTests.ConfigElements.Driver..ctor(BrowserType browserType) in C:\Users\jcrocker\New folder (3)\JPAutomation\AutomationTests\AutomationTests\Config\Driver.cs:line 77
   at AutomationTests.nsanet.com.AroEntryTest.Setup() in C:\Users\jcrocker\New folder (3)\JPAutomation\AutomationTests\AutomationTests\Tests\NSA Net\AroEntryTest.cs:line 45
--TearDown
   at AutomationTests.ExtentHelper.LogTest(TestContext testContext, Driver driver) in C:\Users\jcrocker\New folder (3)\JPAutomation\AutomationTests\AutomationTests\Tests\ExtentHelper.cs:line 73
   at AutomationTests.nsanet.com.AroEntryTest.TearDown() in C:\Users\jcrocker\New folder (3)\JPAutomation\AutomationTests\AutomationTests\Tests\NSA Net\AroEntryTest.cs:line 197]]></stack-trace>
                </failure>
              </test-case>
              <test-case id="0-1039" name="AROEntry_NSANet_Generic(&quot;CAN&quot;,&quot;2785 Skymark Ave&quot;,&quot;L4W 4Y3&quot;,&quot;Mississauga&quot;,&quot;ON&quot;,&quot;N/A&quot;,&quot;9018503000&quot;,&quot;9018503000&quot;,&quot;121290&quot;,&quot;2000CA&quot;,&quot;American Express&quot;,&quot;374500262001008&quot;,&quot;01&quot;,&quot;25&quot;)" fullname="AutomationTests.nsanet.com.AroEntryTest.AROEntry_NSANet_Generic(&quot;CAN&quot;,&quot;2785 Skymark Ave&quot;,&quot;L4W 4Y3&quot;,&quot;Mississauga&quot;,&quot;ON&quot;,&quot;N/A&quot;,&quot;9018503000&quot;,&quot;9018503000&quot;,&quot;121290&quot;,&quot;2000CA&quot;,&quot;American Express&quot;,&quot;374500262001008&quot;,&quot;01&quot;,&quot;25&quot;)" methodname="AROEntry_NSANet_Generic" classname="AutomationTests.nsanet.com.AroEntryTest" runstate="Runnable" seed="2149131" result="Failed" label="Error" start-time="2020-09-30 21:47:59Z" end-time="2020-09-30 21:48:02Z" duration="3.056614" asserts="0">
                <failure>
                  <message><![CDATA[System.InvalidOperationException : session not created: This version of ChromeDriver only supports Chrome version 83 (SessionNotCreated)
TearDown : System.NullReferenceException : Object reference not set to an instance of an object.]]></message>
                  <stack-trace><![CDATA[   at OpenQA.Selenium.Remote.RemoteWebDriver.UnpackAndThrowOnError(Response errorResponse)
   at OpenQA.Selenium.Remote.RemoteWebDriver.Execute(String driverCommandToExecute, Dictionary`2 parameters)
   at OpenQA.Selenium.Remote.RemoteWebDriver.StartSession(ICapabilities desiredCapabilities)
   at OpenQA.Selenium.Remote.RemoteWebDriver..ctor(ICommandExecutor commandExecutor, ICapabilities desiredCapabilities)
   at OpenQA.Selenium.Chrome.ChromeDriver..ctor(ChromeDriverService service, ChromeOptions options, TimeSpan commandTimeout)
   at OpenQA.Selenium.Chrome.ChromeDriver..ctor(ChromeOptions options)
   at AutomationTests.ConfigElements.Driver..ctor(BrowserType browserType) in C:\Users\jcrocker\New folder (3)\JPAutomation\AutomationTests\AutomationTests\Config\Driver.cs:line 77
   at AutomationTests.nsanet.com.AroEntryTest.Setup() in C:\Users\jcrocker\New folder (3)\JPAutomation\AutomationTests\AutomationTests\Tests\NSA Net\AroEntryTest.cs:line 45
--TearDown
   at AutomationTests.ExtentHelper.LogTest(TestContext testContext, Driver driver) in C:\Users\jcrocker\New folder (3)\JPAutomation\AutomationTests\AutomationTests\Tests\ExtentHelper.cs:line 73
   at AutomationTests.nsanet.com.AroEntryTest.TearDown() in C:\Users\jcrocker\New folder (3)\JPAutomation\AutomationTests\AutomationTests\Tests\NSA Net\AroEntryTest.cs:line 197]]></stack-trace>
                </failure>
              </test-case>
              <test-case id="0-1040" name="AROEntry_NSANet_Generic(&quot;DK&quot;,&quot;Torvegade 11&quot;,&quot;8900&quot;,&quot;Randers&quot;,&quot;N/A&quot;,&quot;N/A&quot;,&quot;45 86 42 34 22&quot;,&quot;45 86 42 34 22&quot;,&quot;N/A&quot;,&quot;490105080&quot;,&quot;Visa&quot;,&quot;4242424242424242&quot;,&quot;01&quot;,&quot;25&quot;)" fullname="AutomationTests.nsanet.com.AroEntryTest.AROEntry_NSANet_Generic(&quot;DK&quot;,&quot;Torvegade 11&quot;,&quot;8900&quot;,&quot;Randers&quot;,&quot;N/A&quot;,&quot;N/A&quot;,&quot;45 86 42 34 22&quot;,&quot;45 86 42 34 22&quot;,&quot;N/A&quot;,&quot;490105080&quot;,&quot;Visa&quot;,&quot;4242424242424242&quot;,&quot;01&quot;,&quot;25&quot;)" methodname="AROEntry_NSANet_Generic" classname="AutomationTests.nsanet.com.AroEntryTest" runstate="Runnable" seed="668862739" result="Failed" label="Error" start-time="2020-09-30 21:47:59Z" end-time="2020-09-30 21:48:02Z" duration="2.520930" asserts="0">
                <failure>
                  <message><![CDATA[System.InvalidOperationException : session not created: This version of ChromeDriver only supports Chrome version 83 (SessionNotCreated)
TearDown : System.NullReferenceException : Object reference not set to an instance of an object.]]></message>
                  <stack-trace><![CDATA[   at OpenQA.Selenium.Remote.RemoteWebDriver.UnpackAndThrowOnError(Response errorResponse)
   at OpenQA.Selenium.Remote.RemoteWebDriver.Execute(String driverCommandToExecute, Dictionary`2 parameters)
   at OpenQA.Selenium.Remote.RemoteWebDriver.StartSession(ICapabilities desiredCapabilities)
   at OpenQA.Selenium.Remote.RemoteWebDriver..ctor(ICommandExecutor commandExecutor, ICapabilities desiredCapabilities)
   at OpenQA.Selenium.Chrome.ChromeDriver..ctor(ChromeDriverService service, ChromeOptions options, TimeSpan commandTimeout)
   at OpenQA.Selenium.Chrome.ChromeDriver..ctor(ChromeOptions options)
   at AutomationTests.ConfigElements.Driver..ctor(BrowserType browserType) in C:\Users\jcrocker\New folder (3)\JPAutomation\AutomationTests\AutomationTests\Config\Driver.cs:line 77
   at AutomationTests.nsanet.com.AroEntryTest.Setup() in C:\Users\jcrocker\New folder (3)\JPAutomation\AutomationTests\AutomationTests\Tests\NSA Net\AroEntryTest.cs:line 45
--TearDown
   at AutomationTests.ExtentHelper.LogTest(TestContext testContext, Driver driver) in C:\Users\jcrocker\New folder (3)\JPAutomation\AutomationTests\AutomationTests\Tests\ExtentHelper.cs:line 73
   at AutomationTests.nsanet.com.AroEntryTest.TearDown() in C:\Users\jcrocker\New folder (3)\JPAutomation\AutomationTests\AutomationTests\Tests\NSA Net\AroEntryTest.cs:line 197]]></stack-trace>
                </failure>
              </test-case>
              <test-case id="0-1042" name="AROEntry_NSANet_Generic(&quot;FR&quot;,&quot;2 Boulevard du Levant&quot;,&quot;93167&quot;,&quot;Noisy-le-Grand&quot;,&quot;N/A&quot;,&quot;N/A&quot;,&quot;33 1 45924747&quot;,&quot;33 1 45924747&quot;,&quot;N/A&quot;,&quot;490105030&quot;,&quot;Visa&quot;,&quot;4242424242424242&quot;,&quot;01&quot;,&quot;25&quot;)" fullname="AutomationTests.nsanet.com.AroEntryTest.AROEntry_NSANet_Generic(&quot;FR&quot;,&quot;2 Boulevard du Levant&quot;,&quot;93167&quot;,&quot;Noisy-le-Grand&quot;,&quot;N/A&quot;,&quot;N/A&quot;,&quot;33 1 45924747&quot;,&quot;33 1 45924747&quot;,&quot;N/A&quot;,&quot;490105030&quot;,&quot;Visa&quot;,&quot;4242424242424242&quot;,&quot;01&quot;,&quot;25&quot;)" methodname="AROEntry_NSANet_Generic" classname="AutomationTests.nsanet.com.AroEntryTest" runstate="Runnable" seed="1503249634" result="Failed" label="Error" start-time="2020-09-30 21:48:00Z" end-time="2020-09-30 21:48:02Z" duration="2.274500" asserts="0">
                <failure>
                  <message><![CDATA[System.InvalidOperationException : session not created: This version of ChromeDriver only supports Chrome version 83 (SessionNotCreated)
TearDown : System.NullReferenceException : Object reference not set to an instance of an object.]]></message>
                  <stack-trace><![CDATA[   at OpenQA.Selenium.Remote.RemoteWebDriver.UnpackAndThrowOnError(Response errorResponse)
   at OpenQA.Selenium.Remote.RemoteWebDriver.Execute(String driverCommandToExecute, Dictionary`2 parameters)
   at OpenQA.Selenium.Remote.RemoteWebDriver.StartSession(ICapabilities desiredCapabilities)
   at OpenQA.Selenium.Remote.RemoteWebDriver..ctor(ICommandExecutor commandExecutor, ICapabilities desiredCapabilities)
   at OpenQA.Selenium.Chrome.ChromeDriver..ctor(ChromeDriverService service, ChromeOptions options, TimeSpan commandTimeout)
   at OpenQA.Selenium.Chrome.ChromeDriver..ctor(ChromeOptions options)
   at AutomationTests.ConfigElements.Driver..ctor(BrowserType browserType) in C:\Users\jcrocker\New folder (3)\JPAutomation\AutomationTests\AutomationTests\Config\Driver.cs:line 77
   at AutomationTests.nsanet.com.AroEntryTest.Setup() in C:\Users\jcrocker\New folder (3)\JPAutomation\AutomationTests\AutomationTests\Tests\NSA Net\AroEntryTest.cs:line 45
--TearDown
   at AutomationTests.ExtentHelper.LogTest(TestContext testContext, Driver driver) in C:\Users\jcrocker\New folder (3)\JPAutomation\AutomationTests\AutomationTests\Tests\ExtentHelper.cs:line 73
   at AutomationTests.nsanet.com.AroEntryTest.TearDown() in C:\Users\jcrocker\New folder (3)\JPAutomation\AutomationTests\AutomationTests\Tests\NSA Net\AroEntryTest.cs:line 197]]></stack-trace>
                </failure>
              </test-case>
              <test-case id="0-1043" name="AROEntry_NSANet_Generic(&quot;GER&quot;,&quot;Taunusstrasse 48-50&quot;,&quot;60329&quot;,&quot;Frankfurt am Main&quot;,&quot;N/A&quot;,&quot;N/A&quot;,&quot;49 69-96869890&quot;,&quot;49 69-96869890&quot;,&quot;N/A&quot;,&quot;490105001&quot;,&quot;Visa&quot;,&quot;4242424242424242&quot;,&quot;01&quot;,&quot;25&quot;)" fullname="AutomationTests.nsanet.com.AroEntryTest.AROEntry_NSANet_Generic(&quot;GER&quot;,&quot;Taunusstrasse 48-50&quot;,&quot;60329&quot;,&quot;Frankfurt am Main&quot;,&quot;N/A&quot;,&quot;N/A&quot;,&quot;49 69-96869890&quot;,&quot;49 69-96869890&quot;,&quot;N/A&quot;,&quot;490105001&quot;,&quot;Visa&quot;,&quot;4242424242424242&quot;,&quot;01&quot;,&quot;25&quot;)" methodname="AROEntry_NSANet_Generic" classname="AutomationTests.nsanet.com.AroEntryTest" runstate="Runnable" seed="1234231252" result="Failed" label="Error" start-time="2020-09-30 21:48:00Z" end-time="2020-09-30 21:48:03Z" duration="2.421105" asserts="0">
                <failure>
                  <message><![CDATA[System.InvalidOperationException : session not created: This version of ChromeDriver only supports Chrome version 83 (SessionNotCreated)
TearDown : System.NullReferenceException : Object reference not set to an instance of an object.]]></message>
                  <stack-trace><![CDATA[   at OpenQA.Selenium.Remote.RemoteWebDriver.UnpackAndThrowOnError(Response errorResponse)
   at OpenQA.Selenium.Remote.RemoteWebDriver.Execute(String driverCommandToExecute, Dictionary`2 parameters)
   at OpenQA.Selenium.Remote.RemoteWebDriver.StartSession(ICapabilities desiredCapabilities)
   at OpenQA.Selenium.Remote.RemoteWebDriver..ctor(ICommandExecutor commandExecutor, ICapabilities desiredCapabilities)
   at OpenQA.Selenium.Chrome.ChromeDriver..ctor(ChromeDriverService service, ChromeOptions options, TimeSpan commandTimeout)
   at OpenQA.Selenium.Chrome.ChromeDriver..ctor(ChromeOptions options)
   at AutomationTests.ConfigElements.Driver..ctor(BrowserType browserType) in C:\Users\jcrocker\New folder (3)\JPAutomation\AutomationTests\AutomationTests\Config\Driver.cs:line 77
   at AutomationTests.nsanet.com.AroEntryTest.Setup() in C:\Users\jcrocker\New folder (3)\JPAutomation\AutomationTests\AutomationTests\Tests\NSA Net\AroEntryTest.cs:line 45
--TearDown
   at AutomationTests.ExtentHelper.LogTest(TestContext testContext, Driver driver) in C:\Users\jcrocker\New folder (3)\JPAutomation\AutomationTests\AutomationTests\Tests\ExtentHelper.cs:line 73
   at AutomationTests.nsanet.com.AroEntryTest.TearDown() in C:\Users\jcrocker\New folder (3)\JPAutomation\AutomationTests\AutomationTests\Tests\NSA Net\AroEntryTest.cs:line 197]]></stack-trace>
                </failure>
              </test-case>
              <test-case id="0-1051" name="AROEntry_NSANet_Generic(&quot;ES&quot;,&quot;C/ Gran Vía, 84&quot;,&quot;28013&quot;,&quot;Madrid&quot;,&quot;N/A&quot;,&quot;N/A&quot;,&quot;31 20 311 3670&quot;,&quot;31 20 311 3670&quot;,&quot;N/A&quot;,&quot;490105003&quot;,&quot;Visa&quot;,&quot;4242424242424242&quot;,&quot;01&quot;,&quot;25&quot;)" fullname="AutomationTests.nsanet.com.AroEntryTest.AROEntry_NSANet_Generic(&quot;ES&quot;,&quot;C/ Gran Vía, 84&quot;,&quot;28013&quot;,&quot;Madrid&quot;,&quot;N/A&quot;,&quot;N/A&quot;,&quot;31 20 311 3670&quot;,&quot;31 20 311 3670&quot;,&quot;N/A&quot;,&quot;490105003&quot;,&quot;Visa&quot;,&quot;4242424242424242&quot;,&quot;01&quot;,&quot;25&quot;)" methodname="AROEntry_NSANet_Generic" classname="AutomationTests.nsanet.com.AroEntryTest" runstate="Runnable" seed="890735857" result="Failed" label="Error" start-time="2020-09-30 21:48:02Z" end-time="2020-09-30 21:48:04Z" duration="1.765830" asserts="0">
                <failure>
                  <message><![CDATA[System.InvalidOperationException : session not created: This version of ChromeDriver only supports Chrome version 83 (SessionNotCreated)
TearDown : System.NullReferenceException : Object reference not set to an instance of an object.]]></message>
                  <stack-trace><![CDATA[   at OpenQA.Selenium.Remote.RemoteWebDriver.UnpackAndThrowOnError(Response errorResponse)
   at OpenQA.Selenium.Remote.RemoteWebDriver.Execute(String driverCommandToExecute, Dictionary`2 parameters)
   at OpenQA.Selenium.Remote.RemoteWebDriver.StartSession(ICapabilities desiredCapabilities)
   at OpenQA.Selenium.Remote.RemoteWebDriver..ctor(ICommandExecutor commandExecutor, ICapabilities desiredCapabilities)
   at OpenQA.Selenium.Chrome.ChromeDriver..ctor(ChromeDriverService service, ChromeOptions options, TimeSpan commandTimeout)
   at OpenQA.Selenium.Chrome.ChromeDriver..ctor(ChromeOptions options)
   at AutomationTests.ConfigElements.Driver..ctor(BrowserType browserType) in C:\Users\jcrocker\New folder (3)\JPAutomation\AutomationTests\AutomationTests\Config\Driver.cs:line 77
   at AutomationTests.nsanet.com.AroEntryTest.Setup() in C:\Users\jcrocker\New folder (3)\JPAutomation\AutomationTests\AutomationTests\Tests\NSA Net\AroEntryTest.cs:line 45
--TearDown
   at AutomationTests.ExtentHelper.LogTest(TestContext testContext, Driver driver) in C:\Users\jcrocker\New folder (3)\JPAutomation\AutomationTests\AutomationTests\Tests\ExtentHelper.cs:line 73
   at AutomationTests.nsanet.com.AroEntryTest.TearDown() in C:\Users\jcrocker\New folder (3)\JPAutomation\AutomationTests\AutomationTests\Tests\NSA Net\AroEntryTest.cs:line 197]]></stack-trace>
                </failure>
              </test-case>
              <test-case id="0-1048" name="AROEntry_NSANet_Generic(&quot;NO&quot;,&quot;Karl Johans gate 31&quot;,&quot;0159&quot;,&quot;Oslo&quot;,&quot;N/A&quot;,&quot;N/A&quot;,&quot;47 23 21 20 00&quot;,&quot;47 23 21 20 00&quot;,&quot;N/A&quot;,&quot;490105081&quot;,&quot;Visa&quot;,&quot;4242424242424242&quot;,&quot;01&quot;,&quot;25&quot;)" fullname="AutomationTests.nsanet.com.AroEntryTest.AROEntry_NSANet_Generic(&quot;NO&quot;,&quot;Karl Johans gate 31&quot;,&quot;0159&quot;,&quot;Oslo&quot;,&quot;N/A&quot;,&quot;N/A&quot;,&quot;47 23 21 20 00&quot;,&quot;47 23 21 20 00&quot;,&quot;N/A&quot;,&quot;490105081&quot;,&quot;Visa&quot;,&quot;4242424242424242&quot;,&quot;01&quot;,&quot;25&quot;)" methodname="AROEntry_NSANet_Generic" classname="AutomationTests.nsanet.com.AroEntryTest" runstate="Runnable" seed="353850144" result="Failed" label="Error" start-time="2020-09-30 21:48:02Z" end-time="2020-09-30 21:48:04Z" duration="2.229657" asserts="0">
                <failure>
                  <message><![CDATA[System.InvalidOperationException : session not created: This version of ChromeDriver only supports Chrome version 83 (SessionNotCreated)
TearDown : System.NullReferenceException : Object reference not set to an instance of an object.]]></message>
                  <stack-trace><![CDATA[   at OpenQA.Selenium.Remote.RemoteWebDriver.UnpackAndThrowOnError(Response errorResponse)
   at OpenQA.Selenium.Remote.RemoteWebDriver.Execute(String driverCommandToExecute, Dictionary`2 parameters)
   at OpenQA.Selenium.Remote.RemoteWebDriver.StartSession(ICapabilities desiredCapabilities)
   at OpenQA.Selenium.Remote.RemoteWebDriver..ctor(ICommandExecutor commandExecutor, ICapabilities desiredCapabilities)
   at OpenQA.Selenium.Chrome.ChromeDriver..ctor(ChromeDriverService service, ChromeOptions options, TimeSpan commandTimeout)
   at OpenQA.Selenium.Chrome.ChromeDriver..ctor(ChromeOptions options)
   at AutomationTests.ConfigElements.Driver..ctor(BrowserType browserType) in C:\Users\jcrocker\New folder (3)\JPAutomation\AutomationTests\AutomationTests\Config\Driver.cs:line 77
   at AutomationTests.nsanet.com.AroEntryTest.Setup() in C:\Users\jcrocker\New folder (3)\JPAutomation\AutomationTests\AutomationTests\Tests\NSA Net\AroEntryTest.cs:line 45
--TearDown
   at AutomationTests.ExtentHelper.LogTest(TestContext testContext, Driver driver) in C:\Users\jcrocker\New folder (3)\JPAutomation\AutomationTests\AutomationTests\Tests\ExtentHelper.cs:line 73
   at AutomationTests.nsanet.com.AroEntryTest.TearDown() in C:\Users\jcrocker\New folder (3)\JPAutomation\AutomationTests\AutomationTests\Tests\NSA Net\AroEntryTest.cs:line 197]]></stack-trace>
                </failure>
              </test-case>
              <test-case id="0-1047" name="AROEntry_NSANet_Generic(&quot;NL&quot;,&quot;Schepenbergweg 50&quot;,&quot;1105 AT&quot;,&quot;Amsterdam&quot;,&quot;N/A&quot;,&quot;N/A&quot;,&quot;31 20 311 3670&quot;,&quot;31 20 311 3670&quot;,&quot;N/A&quot;,&quot;490105034&quot;,&quot;Visa&quot;,&quot;4242424242424242&quot;,&quot;01&quot;,&quot;25&quot;)" fullname="AutomationTests.nsanet.com.AroEntryTest.AROEntry_NSANet_Generic(&quot;NL&quot;,&quot;Schepenbergweg 50&quot;,&quot;1105 AT&quot;,&quot;Amsterdam&quot;,&quot;N/A&quot;,&quot;N/A&quot;,&quot;31 20 311 3670&quot;,&quot;31 20 311 3670&quot;,&quot;N/A&quot;,&quot;490105034&quot;,&quot;Visa&quot;,&quot;4242424242424242&quot;,&quot;01&quot;,&quot;25&quot;)" methodname="AROEntry_NSANet_Generic" classname="AutomationTests.nsanet.com.AroEntryTest" runstate="Runnable" seed="1964605760" result="Failed" label="Error" start-time="2020-09-30 21:48:01Z" end-time="2020-09-30 21:48:04Z" duration="3.186994" asserts="0">
                <failure>
                  <message><![CDATA[System.InvalidOperationException : session not created: This version of ChromeDriver only supports Chrome version 83 (SessionNotCreated)
TearDown : System.NullReferenceException : Object reference not set to an instance of an object.]]></message>
                  <stack-trace><![CDATA[   at OpenQA.Selenium.Remote.RemoteWebDriver.UnpackAndThrowOnError(Response errorResponse)
   at OpenQA.Selenium.Remote.RemoteWebDriver.Execute(String driverCommandToExecute, Dictionary`2 parameters)
   at OpenQA.Selenium.Remote.RemoteWebDriver.StartSession(ICapabilities desiredCapabilities)
   at OpenQA.Selenium.Remote.RemoteWebDriver..ctor(ICommandExecutor commandExecutor, ICapabilities desiredCapabilities)
   at OpenQA.Selenium.Chrome.ChromeDriver..ctor(ChromeDriverService service, ChromeOptions options, TimeSpan commandTimeout)
   at OpenQA.Selenium.Chrome.ChromeDriver..ctor(ChromeOptions options)
   at AutomationTests.ConfigElements.Driver..ctor(BrowserType browserType) in C:\Users\jcrocker\New folder (3)\JPAutomation\AutomationTests\AutomationTests\Config\Driver.cs:line 77
   at AutomationTests.nsanet.com.AroEntryTest.Setup() in C:\Users\jcrocker\New folder (3)\JPAutomation\AutomationTests\AutomationTests\Tests\NSA Net\AroEntryTest.cs:line 45
--TearDown
   at AutomationTests.ExtentHelper.LogTest(TestContext testContext, Driver driver) in C:\Users\jcrocker\New folder (3)\JPAutomation\AutomationTests\AutomationTests\Tests\ExtentHelper.cs:line 73
   at AutomationTests.nsanet.com.AroEntryTest.TearDown() in C:\Users\jcrocker\New folder (3)\JPAutomation\AutomationTests\AutomationTests\Tests\NSA Net\AroEntryTest.cs:line 197]]></stack-trace>
                </failure>
              </test-case>
              <test-case id="0-1050" name="AROEntry_NSANet_Generic(&quot;RO&quot;,&quot;Calea Victoriei 56&quot;,&quot;010083&quot;,&quot;București&quot;,&quot;București&quot;,&quot;N/A&quot;,&quot;40 372 010 300&quot;,&quot;40 372 010 300&quot;,&quot;N/A&quot;,&quot;490110023&quot;,&quot;Visa&quot;,&quot;4242424242424242&quot;,&quot;01&quot;,&quot;25&quot;)" fullname="AutomationTests.nsanet.com.AroEntryTest.AROEntry_NSANet_Generic(&quot;RO&quot;,&quot;Calea Victoriei 56&quot;,&quot;010083&quot;,&quot;București&quot;,&quot;București&quot;,&quot;N/A&quot;,&quot;40 372 010 300&quot;,&quot;40 372 010 300&quot;,&quot;N/A&quot;,&quot;490110023&quot;,&quot;Visa&quot;,&quot;4242424242424242&quot;,&quot;01&quot;,&quot;25&quot;)" methodname="AROEntry_NSANet_Generic" classname="AutomationTests.nsanet.com.AroEntryTest" runstate="Runnable" seed="410819341" result="Failed" label="Error" start-time="2020-09-30 21:48:02Z" end-time="2020-09-30 21:48:05Z" duration="2.755522" asserts="0">
                <failure>
                  <message><![CDATA[System.InvalidOperationException : session not created: This version of ChromeDriver only supports Chrome version 83 (SessionNotCreated)
TearDown : System.NullReferenceException : Object reference not set to an instance of an object.]]></message>
                  <stack-trace><![CDATA[   at OpenQA.Selenium.Remote.RemoteWebDriver.UnpackAndThrowOnError(Response errorResponse)
   at OpenQA.Selenium.Remote.RemoteWebDriver.Execute(String driverCommandToExecute, Dictionary`2 parameters)
   at OpenQA.Selenium.Remote.RemoteWebDriver.StartSession(ICapabilities desiredCapabilities)
   at OpenQA.Selenium.Remote.RemoteWebDriver..ctor(ICommandExecutor commandExecutor, ICapabilities desiredCapabilities)
   at OpenQA.Selenium.Chrome.ChromeDriver..ctor(ChromeDriverService service, ChromeOptions options, TimeSpan commandTimeout)
   at OpenQA.Selenium.Chrome.ChromeDriver..ctor(ChromeOptions options)
   at AutomationTests.ConfigElements.Driver..ctor(BrowserType browserType) in C:\Users\jcrocker\New folder (3)\JPAutomation\AutomationTests\AutomationTests\Config\Driver.cs:line 77
   at AutomationTests.nsanet.com.AroEntryTest.Setup() in C:\Users\jcrocker\New folder (3)\JPAutomation\AutomationTests\AutomationTests\Tests\NSA Net\AroEntryTest.cs:line 45
--TearDown
   at AutomationTests.ExtentHelper.LogTest(TestContext testContext, Driver driver) in C:\Users\jcrocker\New folder (3)\JPAutomation\AutomationTests\AutomationTests\Tests\ExtentHelper.cs:line 73
   at AutomationTests.nsanet.com.AroEntryTest.TearDown() in C:\Users\jcrocker\New folder (3)\JPAutomation\AutomationTests\AutomationTests\Tests\NSA Net\AroEntryTest.cs:line 197]]></stack-trace>
                </failure>
              </test-case>
              <test-case id="0-1049" name="AROEntry_NSANet_Generic(&quot;PL&quot;,&quot;Stara 1&quot;,&quot;41-940&quot;,&quot;Piekary Śląskie&quot;,&quot;N/A&quot;,&quot;N/A&quot;,&quot;458623422&quot;,&quot;458623422&quot;,&quot;N/A&quot;,&quot;490105005&quot;,&quot;Visa&quot;,&quot;4242424242424242&quot;,&quot;01&quot;,&quot;25&quot;)" fullname="AutomationTests.nsanet.com.AroEntryTest.AROEntry_NSANet_Generic(&quot;PL&quot;,&quot;Stara 1&quot;,&quot;41-940&quot;,&quot;Piekary Śląskie&quot;,&quot;N/A&quot;,&quot;N/A&quot;,&quot;458623422&quot;,&quot;458623422&quot;,&quot;N/A&quot;,&quot;490105005&quot;,&quot;Visa&quot;,&quot;4242424242424242&quot;,&quot;01&quot;,&quot;25&quot;)" methodname="AROEntry_NSANet_Generic" classname="AutomationTests.nsanet.com.AroEntryTest" runstate="Runnable" seed="976783444" result="Failed" label="Error" start-time="2020-09-30 21:48:02Z" end-time="2020-09-30 21:48:05Z" duration="2.999126" asserts="0">
                <failure>
                  <message><![CDATA[System.InvalidOperationException : session not created: This version of ChromeDriver only supports Chrome version 83 (SessionNotCreated)
TearDown : System.NullReferenceException : Object reference not set to an instance of an object.]]></message>
                  <stack-trace><![CDATA[   at OpenQA.Selenium.Remote.RemoteWebDriver.UnpackAndThrowOnError(Response errorResponse)
   at OpenQA.Selenium.Remote.RemoteWebDriver.Execute(String driverCommandToExecute, Dictionary`2 parameters)
   at OpenQA.Selenium.Remote.RemoteWebDriver.StartSession(ICapabilities desiredCapabilities)
   at OpenQA.Selenium.Remote.RemoteWebDriver..ctor(ICommandExecutor commandExecutor, ICapabilities desiredCapabilities)
   at OpenQA.Selenium.Chrome.ChromeDriver..ctor(ChromeDriverService service, ChromeOptions options, TimeSpan commandTimeout)
   at OpenQA.Selenium.Chrome.ChromeDriver..ctor(ChromeOptions options)
   at AutomationTests.ConfigElements.Driver..ctor(BrowserType browserType) in C:\Users\jcrocker\New folder (3)\JPAutomation\AutomationTests\AutomationTests\Config\Driver.cs:line 77
   at AutomationTests.nsanet.com.AroEntryTest.Setup() in C:\Users\jcrocker\New folder (3)\JPAutomation\AutomationTests\AutomationTests\Tests\NSA Net\AroEntryTest.cs:line 45
--TearDown
   at AutomationTests.ExtentHelper.LogTest(TestContext testContext, Driver driver) in C:\Users\jcrocker\New folder (3)\JPAutomation\AutomationTests\AutomationTests\Tests\ExtentHelper.cs:line 73
   at AutomationTests.nsanet.com.AroEntryTest.TearDown() in C:\Users\jcrocker\New folder (3)\JPAutomation\AutomationTests\AutomationTests\Tests\NSA Net\AroEntryTest.cs:line 197]]></stack-trace>
                </failure>
              </test-case>
              <test-case id="0-1037" name="AROEntry_NSANet_Generic(&quot;AU&quot;,&quot;14 Merewether St&quot;,&quot;2291&quot;,&quot;Merewether&quot;,&quot;QLD&quot;,&quot;N/A&quot;,&quot;9018503000&quot;,&quot;9018503000&quot;,&quot;121290&quot;,&quot;2000AS&quot;,&quot;Visa&quot;,&quot;4242424242424242&quot;,&quot;01&quot;,&quot;25&quot;)" fullname="AutomationTests.nsanet.com.AroEntryTest.AROEntry_NSANet_Generic(&quot;AU&quot;,&quot;14 Merewether St&quot;,&quot;2291&quot;,&quot;Merewether&quot;,&quot;QLD&quot;,&quot;N/A&quot;,&quot;9018503000&quot;,&quot;9018503000&quot;,&quot;121290&quot;,&quot;2000AS&quot;,&quot;Visa&quot;,&quot;4242424242424242&quot;,&quot;01&quot;,&quot;25&quot;)" methodname="AROEntry_NSANet_Generic" classname="AutomationTests.nsanet.com.AroEntryTest" runstate="Runnable" seed="1913409271" result="Failed" label="Error" start-time="2020-09-30 21:47:57Z" end-time="2020-09-30 21:48:05Z" duration="7.541217" asserts="0">
                <failure>
                  <message><![CDATA[System.InvalidOperationException : session not created: This version of ChromeDriver only supports Chrome version 83 (SessionNotCreated)
TearDown : System.NullReferenceException : Object reference not set to an instance of an object.]]></message>
                  <stack-trace><![CDATA[   at OpenQA.Selenium.Remote.RemoteWebDriver.UnpackAndThrowOnError(Response errorResponse)
   at OpenQA.Selenium.Remote.RemoteWebDriver.Execute(String driverCommandToExecute, Dictionary`2 parameters)
   at OpenQA.Selenium.Remote.RemoteWebDriver.StartSession(ICapabilities desiredCapabilities)
   at OpenQA.Selenium.Remote.RemoteWebDriver..ctor(ICommandExecutor commandExecutor, ICapabilities desiredCapabilities)
   at OpenQA.Selenium.Chrome.ChromeDriver..ctor(ChromeDriverService service, ChromeOptions options, TimeSpan commandTimeout)
   at OpenQA.Selenium.Chrome.ChromeDriver..ctor(ChromeOptions options)
   at AutomationTests.ConfigElements.Driver..ctor(BrowserType browserType) in C:\Users\jcrocker\New folder (3)\JPAutomation\AutomationTests\AutomationTests\Config\Driver.cs:line 77
   at AutomationTests.nsanet.com.AroEntryTest.Setup() in C:\Users\jcrocker\New folder (3)\JPAutomation\AutomationTests\AutomationTests\Tests\NSA Net\AroEntryTest.cs:line 45
--TearDown
   at AutomationTests.ExtentHelper.LogTest(TestContext testContext, Driver driver) in C:\Users\jcrocker\New folder (3)\JPAutomation\AutomationTests\AutomationTests\Tests\ExtentHelper.cs:line 73
   at AutomationTests.nsanet.com.AroEntryTest.TearDown() in C:\Users\jcrocker\New folder (3)\JPAutomation\AutomationTests\AutomationTests\Tests\NSA Net\AroEntryTest.cs:line 197]]></stack-trace>
                </failure>
              </test-case>
              <test-case id="0-1045" name="AROEntry_NSANet_Generic(&quot;IT&quot;,&quot;Via Torri Bianche 7&quot;,&quot;20871&quot;,&quot;Vimercate&quot;,&quot;MB&quot;,&quot;N/A&quot;,&quot;39 06 495 9261&quot;,&quot;39 06 495 9261&quot;,&quot;121290&quot;,&quot;490105040&quot;,&quot;Visa&quot;,&quot;4242424242424242&quot;,&quot;01&quot;,&quot;25&quot;)" fullname="AutomationTests.nsanet.com.AroEntryTest.AROEntry_NSANet_Generic(&quot;IT&quot;,&quot;Via Torri Bianche 7&quot;,&quot;20871&quot;,&quot;Vimercate&quot;,&quot;MB&quot;,&quot;N/A&quot;,&quot;39 06 495 9261&quot;,&quot;39 06 495 9261&quot;,&quot;121290&quot;,&quot;490105040&quot;,&quot;Visa&quot;,&quot;4242424242424242&quot;,&quot;01&quot;,&quot;25&quot;)" methodname="AROEntry_NSANet_Generic" classname="AutomationTests.nsanet.com.AroEntryTest" runstate="Runnable" seed="1957540010" result="Failed" label="Error" start-time="2020-09-30 21:48:01Z" end-time="2020-09-30 21:48:05Z" duration="4.034246" asserts="0">
                <failure>
                  <message><![CDATA[System.InvalidOperationException : session not created: This version of ChromeDriver only supports Chrome version 83 (SessionNotCreated)
TearDown : System.NullReferenceException : Object reference not set to an instance of an object.]]></message>
                  <stack-trace><![CDATA[   at OpenQA.Selenium.Remote.RemoteWebDriver.UnpackAndThrowOnError(Response errorResponse)
   at OpenQA.Selenium.Remote.RemoteWebDriver.Execute(String driverCommandToExecute, Dictionary`2 parameters)
   at OpenQA.Selenium.Remote.RemoteWebDriver.StartSession(ICapabilities desiredCapabilities)
   at OpenQA.Selenium.Remote.RemoteWebDriver..ctor(ICommandExecutor commandExecutor, ICapabilities desiredCapabilities)
   at OpenQA.Selenium.Chrome.ChromeDriver..ctor(ChromeDriverService service, ChromeOptions options, TimeSpan commandTimeout)
   at OpenQA.Selenium.Chrome.ChromeDriver..ctor(ChromeOptions options)
   at AutomationTests.ConfigElements.Driver..ctor(BrowserType browserType) in C:\Users\jcrocker\New folder (3)\JPAutomation\AutomationTests\AutomationTests\Config\Driver.cs:line 77
   at AutomationTests.nsanet.com.AroEntryTest.Setup() in C:\Users\jcrocker\New folder (3)\JPAutomation\AutomationTests\AutomationTests\Tests\NSA Net\AroEntryTest.cs:line 45
--TearDown
   at AutomationTests.ExtentHelper.LogTest(TestContext testContext, Driver driver) in C:\Users\jcrocker\New folder (3)\JPAutomation\AutomationTests\AutomationTests\Tests\ExtentHelper.cs:line 73
   at AutomationTests.nsanet.com.AroEntryTest.TearDown() in C:\Users\jcrocker\New folder (3)\JPAutomation\AutomationTests\AutomationTests\Tests\NSA Net\AroEntryTest.cs:line 197]]></stack-trace>
                </failure>
              </test-case>
              <test-case id="0-1054" name="AROEntry_NSANet_Generic(&quot;UK&quot;,&quot;40 Heyes St.&quot;,&quot;L5 6SG&quot;,&quot;Liverpool&quot;,&quot;N/A&quot;,&quot;Liverpool&quot;,&quot;07720750898&quot;,&quot;07720750898&quot;,&quot;N/A&quot;,&quot;490105084&quot;,&quot;Visa&quot;,&quot;4242424242424242&quot;,&quot;01&quot;,&quot;25&quot;)" fullname="AutomationTests.nsanet.com.AroEntryTest.AROEntry_NSANet_Generic(&quot;UK&quot;,&quot;40 Heyes St.&quot;,&quot;L5 6SG&quot;,&quot;Liverpool&quot;,&quot;N/A&quot;,&quot;Liverpool&quot;,&quot;07720750898&quot;,&quot;07720750898&quot;,&quot;N/A&quot;,&quot;490105084&quot;,&quot;Visa&quot;,&quot;4242424242424242&quot;,&quot;01&quot;,&quot;25&quot;)" methodname="AROEntry_NSANet_Generic" classname="AutomationTests.nsanet.com.AroEntryTest" runstate="Runnable" seed="1451880427" result="Failed" label="Error" start-time="2020-09-30 21:48:03Z" end-time="2020-09-30 21:48:05Z" duration="2.116566" asserts="0">
                <failure>
                  <message><![CDATA[System.InvalidOperationException : session not created: This version of ChromeDriver only supports Chrome version 83 (SessionNotCreated)
TearDown : System.NullReferenceException : Object reference not set to an instance of an object.]]></message>
                  <stack-trace><![CDATA[   at OpenQA.Selenium.Remote.RemoteWebDriver.UnpackAndThrowOnError(Response errorResponse)
   at OpenQA.Selenium.Remote.RemoteWebDriver.Execute(String driverCommandToExecute, Dictionary`2 parameters)
   at OpenQA.Selenium.Remote.RemoteWebDriver.StartSession(ICapabilities desiredCapabilities)
   at OpenQA.Selenium.Remote.RemoteWebDriver..ctor(ICommandExecutor commandExecutor, ICapabilities desiredCapabilities)
   at OpenQA.Selenium.Chrome.ChromeDriver..ctor(ChromeDriverService service, ChromeOptions options, TimeSpan commandTimeout)
   at OpenQA.Selenium.Chrome.ChromeDriver..ctor(ChromeOptions options)
   at AutomationTests.ConfigElements.Driver..ctor(BrowserType browserType) in C:\Users\jcrocker\New folder (3)\JPAutomation\AutomationTests\AutomationTests\Config\Driver.cs:line 77
   at AutomationTests.nsanet.com.AroEntryTest.Setup() in C:\Users\jcrocker\New folder (3)\JPAutomation\AutomationTests\AutomationTests\Tests\NSA Net\AroEntryTest.cs:line 45
--TearDown
   at AutomationTests.ExtentHelper.LogTest(TestContext testContext, Driver driver) in C:\Users\jcrocker\New folder (3)\JPAutomation\AutomationTests\AutomationTests\Tests\ExtentHelper.cs:line 73
   at AutomationTests.nsanet.com.AroEntryTest.TearDown() in C:\Users\jcrocker\New folder (3)\JPAutomation\AutomationTests\AutomationTests\Tests\NSA Net\AroEntryTest.cs:line 197]]></stack-trace>
                </failure>
              </test-case>
              <test-case id="0-1053" name="AROEntry_NSANet_Generic(&quot;SE&quot;,&quot;Södra Blasieholmshamnen 8&quot;,&quot;103 27&quot;,&quot;Stockholm&quot;,&quot;N/A&quot;,&quot;N/A&quot;,&quot;46 8 679 35 00&quot;,&quot;46 8 679 35 00&quot;,&quot;N/A&quot;,&quot;490105084&quot;,&quot;Visa&quot;,&quot;4242424242424242&quot;,&quot;01&quot;,&quot;25&quot;)" fullname="AutomationTests.nsanet.com.AroEntryTest.AROEntry_NSANet_Generic(&quot;SE&quot;,&quot;Södra Blasieholmshamnen 8&quot;,&quot;103 27&quot;,&quot;Stockholm&quot;,&quot;N/A&quot;,&quot;N/A&quot;,&quot;46 8 679 35 00&quot;,&quot;46 8 679 35 00&quot;,&quot;N/A&quot;,&quot;490105084&quot;,&quot;Visa&quot;,&quot;4242424242424242&quot;,&quot;01&quot;,&quot;25&quot;)" methodname="AROEntry_NSANet_Generic" classname="AutomationTests.nsanet.com.AroEntryTest" runstate="Runnable" seed="1731405510" result="Failed" label="Error" start-time="2020-09-30 21:48:02Z" end-time="2020-09-30 21:48:05Z" duration="2.590093" asserts="0">
                <failure>
                  <message><![CDATA[System.InvalidOperationException : session not created: This version of ChromeDriver only supports Chrome version 83 (SessionNotCreated)
TearDown : System.NullReferenceException : Object reference not set to an instance of an object.]]></message>
                  <stack-trace><![CDATA[   at OpenQA.Selenium.Remote.RemoteWebDriver.UnpackAndThrowOnError(Response errorResponse)
   at OpenQA.Selenium.Remote.RemoteWebDriver.Execute(String driverCommandToExecute, Dictionary`2 parameters)
   at OpenQA.Selenium.Remote.RemoteWebDriver.StartSession(ICapabilities desiredCapabilities)
   at OpenQA.Selenium.Remote.RemoteWebDriver..ctor(ICommandExecutor commandExecutor, ICapabilities desiredCapabilities)
   at OpenQA.Selenium.Chrome.ChromeDriver..ctor(ChromeDriverService service, ChromeOptions options, TimeSpan commandTimeout)
   at OpenQA.Selenium.Chrome.ChromeDriver..ctor(ChromeOptions options)
   at AutomationTests.ConfigElements.Driver..ctor(BrowserType browserType) in C:\Users\jcrocker\New folder (3)\JPAutomation\AutomationTests\AutomationTests\Config\Driver.cs:line 77
   at AutomationTests.nsanet.com.AroEntryTest.Setup() in C:\Users\jcrocker\New folder (3)\JPAutomation\AutomationTests\AutomationTests\Tests\NSA Net\AroEntryTest.cs:line 45
--TearDown
   at AutomationTests.ExtentHelper.LogTest(TestContext testContext, Driver driver) in C:\Users\jcrocker\New folder (3)\JPAutomation\AutomationTests\AutomationTests\Tests\ExtentHelper.cs:line 73
   at AutomationTests.nsanet.com.AroEntryTest.TearDown() in C:\Users\jcrocker\New folder (3)\JPAutomation\AutomationTests\AutomationTests\Tests\NSA Net\AroEntryTest.cs:line 197]]></stack-trace>
                </failure>
              </test-case>
              <test-case id="0-1052" name="AROEntry_NSANet_Generic(&quot;SUI&quot;,&quot;Bürgenstock 17&quot;,&quot;6363&quot;,&quot;Obbürgen&quot;,&quot;N/A&quot;,&quot;N/A&quot;,&quot;41 41-612 60 00&quot;,&quot;41 41-612 60 00&quot;,&quot;N/A&quot;,&quot;490105015&quot;,&quot;Visa&quot;,&quot;4242424242424242&quot;,&quot;01&quot;,&quot;25&quot;)" fullname="AutomationTests.nsanet.com.AroEntryTest.AROEntry_NSANet_Generic(&quot;SUI&quot;,&quot;Bürgenstock 17&quot;,&quot;6363&quot;,&quot;Obbürgen&quot;,&quot;N/A&quot;,&quot;N/A&quot;,&quot;41 41-612 60 00&quot;,&quot;41 41-612 60 00&quot;,&quot;N/A&quot;,&quot;490105015&quot;,&quot;Visa&quot;,&quot;4242424242424242&quot;,&quot;01&quot;,&quot;25&quot;)" methodname="AROEntry_NSANet_Generic" classname="AutomationTests.nsanet.com.AroEntryTest" runstate="Runnable" seed="1001229512" result="Failed" label="Error" start-time="2020-09-30 21:48:02Z" end-time="2020-09-30 21:48:05Z" duration="3.184890" asserts="0">
                <failure>
                  <message><![CDATA[System.InvalidOperationException : session not created: This version of ChromeDriver only supports Chrome version 83 (SessionNotCreated)
TearDown : System.NullReferenceException : Object reference not set to an instance of an object.]]></message>
                  <stack-trace><![CDATA[   at OpenQA.Selenium.Remote.RemoteWebDriver.UnpackAndThrowOnError(Response errorResponse)
   at OpenQA.Selenium.Remote.RemoteWebDriver.Execute(String driverCommandToExecute, Dictionary`2 parameters)
   at OpenQA.Selenium.Remote.RemoteWebDriver.StartSession(ICapabilities desiredCapabilities)
   at OpenQA.Selenium.Remote.RemoteWebDriver..ctor(ICommandExecutor commandExecutor, ICapabilities desiredCapabilities)
   at OpenQA.Selenium.Chrome.ChromeDriver..ctor(ChromeDriverService service, ChromeOptions options, TimeSpan commandTimeout)
   at OpenQA.Selenium.Chrome.ChromeDriver..ctor(ChromeOptions options)
   at AutomationTests.ConfigElements.Driver..ctor(BrowserType browserType) in C:\Users\jcrocker\New folder (3)\JPAutomation\AutomationTests\AutomationTests\Config\Driver.cs:line 77
   at AutomationTests.nsanet.com.AroEntryTest.Setup() in C:\Users\jcrocker\New folder (3)\JPAutomation\AutomationTests\AutomationTests\Tests\NSA Net\AroEntryTest.cs:line 45
--TearDown
   at AutomationTests.ExtentHelper.LogTest(TestContext testContext, Driver driver) in C:\Users\jcrocker\New folder (3)\JPAutomation\AutomationTests\AutomationTests\Tests\ExtentHelper.cs:line 73
   at AutomationTests.nsanet.com.AroEntryTest.TearDown() in C:\Users\jcrocker\New folder (3)\JPAutomation\AutomationTests\AutomationTests\Tests\NSA Net\AroEntryTest.cs:line 197]]></stack-trace>
                </failure>
              </test-case>
              <test-case id="0-1044" name="AROEntry_NSANet_Generic(&quot;EIR&quot;,&quot;Athlone Rd&quot;,&quot;60329&quot;,&quot;Athlone&quot;,&quot;N/A&quot;,&quot;Roscommon&quot;,&quot;49 69 96869890&quot;,&quot;49 69 96869890&quot;,&quot;N/A&quot;,&quot;490105030&quot;,&quot;Visa&quot;,&quot;4242424242424242&quot;,&quot;01&quot;,&quot;25&quot;)" fullname="AutomationTests.nsanet.com.AroEntryTest.AROEntry_NSANet_Generic(&quot;EIR&quot;,&quot;Athlone Rd&quot;,&quot;60329&quot;,&quot;Athlone&quot;,&quot;N/A&quot;,&quot;Roscommon&quot;,&quot;49 69 96869890&quot;,&quot;49 69 96869890&quot;,&quot;N/A&quot;,&quot;490105030&quot;,&quot;Visa&quot;,&quot;4242424242424242&quot;,&quot;01&quot;,&quot;25&quot;)" methodname="AROEntry_NSANet_Generic" classname="AutomationTests.nsanet.com.AroEntryTest" runstate="Runnable" seed="201163125" result="Failed" label="Error" start-time="2020-09-30 21:48:00Z" end-time="2020-09-30 21:48:06Z" duration="5.179770" asserts="0">
                <failure>
                  <message><![CDATA[System.InvalidOperationException : session not created: This version of ChromeDriver only supports Chrome version 83 (SessionNotCreated)
TearDown : System.NullReferenceException : Object reference not set to an instance of an object.]]></message>
                  <stack-trace><![CDATA[   at OpenQA.Selenium.Remote.RemoteWebDriver.UnpackAndThrowOnError(Response errorResponse)
   at OpenQA.Selenium.Remote.RemoteWebDriver.Execute(String driverCommandToExecute, Dictionary`2 parameters)
   at OpenQA.Selenium.Remote.RemoteWebDriver.StartSession(ICapabilities desiredCapabilities)
   at OpenQA.Selenium.Remote.RemoteWebDriver..ctor(ICommandExecutor commandExecutor, ICapabilities desiredCapabilities)
   at OpenQA.Selenium.Chrome.ChromeDriver..ctor(ChromeDriverService service, ChromeOptions options, TimeSpan commandTimeout)
   at OpenQA.Selenium.Chrome.ChromeDriver..ctor(ChromeOptions options)
   at AutomationTests.ConfigElements.Driver..ctor(BrowserType browserType) in C:\Users\jcrocker\New folder (3)\JPAutomation\AutomationTests\AutomationTests\Config\Driver.cs:line 77
   at AutomationTests.nsanet.com.AroEntryTest.Setup() in C:\Users\jcrocker\New folder (3)\JPAutomation\AutomationTests\AutomationTests\Tests\NSA Net\AroEntryTest.cs:line 45
--TearDown
   at AutomationTests.ExtentHelper.LogTest(TestContext testContext, Driver driver) in C:\Users\jcrocker\New folder (3)\JPAutomation\AutomationTests\AutomationTests\Tests\ExtentHelper.cs:line 73
   at AutomationTests.nsanet.com.AroEntryTest.TearDown() in C:\Users\jcrocker\New folder (3)\JPAutomation\AutomationTests\AutomationTests\Tests\NSA Net\AroEntryTest.cs:line 197]]></stack-trace>
                </failure>
              </test-case>
              <test-case id="0-1046" name="AROEntry_NSANet_Generic(&quot;LU&quot;,&quot;30 Rue Joseph Junck&quot;,&quot;1839&quot;,&quot;Luxembourg&quot;,&quot;N/A&quot;,&quot;N/A&quot;,&quot;352 49 24 96&quot;,&quot;352 49 24 96&quot;,&quot;N/A&quot;,&quot;490105036&quot;,&quot;Visa&quot;,&quot;4242424242424242&quot;,&quot;01&quot;,&quot;25&quot;)" fullname="AutomationTests.nsanet.com.AroEntryTest.AROEntry_NSANet_Generic(&quot;LU&quot;,&quot;30 Rue Joseph Junck&quot;,&quot;1839&quot;,&quot;Luxembourg&quot;,&quot;N/A&quot;,&quot;N/A&quot;,&quot;352 49 24 96&quot;,&quot;352 49 24 96&quot;,&quot;N/A&quot;,&quot;490105036&quot;,&quot;Visa&quot;,&quot;4242424242424242&quot;,&quot;01&quot;,&quot;25&quot;)" methodname="AROEntry_NSANet_Generic" classname="AutomationTests.nsanet.com.AroEntryTest" runstate="Runnable" seed="1897064685" result="Failed" label="Error" start-time="2020-09-30 21:48:01Z" end-time="2020-09-30 21:48:06Z" duration="5.150165" asserts="0">
                <failure>
                  <message><![CDATA[System.InvalidOperationException : session not created: This version of ChromeDriver only supports Chrome version 83 (SessionNotCreated)
TearDown : System.NullReferenceException : Object reference not set to an instance of an object.]]></message>
                  <stack-trace><![CDATA[   at OpenQA.Selenium.Remote.RemoteWebDriver.UnpackAndThrowOnError(Response errorResponse)
   at OpenQA.Selenium.Remote.RemoteWebDriver.Execute(String driverCommandToExecute, Dictionary`2 parameters)
   at OpenQA.Selenium.Remote.RemoteWebDriver.StartSession(ICapabilities desiredCapabilities)
   at OpenQA.Selenium.Remote.RemoteWebDriver..ctor(ICommandExecutor commandExecutor, ICapabilities desiredCapabilities)
   at OpenQA.Selenium.Chrome.ChromeDriver..ctor(ChromeDriverService service, ChromeOptions options, TimeSpan commandTimeout)
   at OpenQA.Selenium.Chrome.ChromeDriver..ctor(ChromeOptions options)
   at AutomationTests.ConfigElements.Driver..ctor(BrowserType browserType) in C:\Users\jcrocker\New folder (3)\JPAutomation\AutomationTests\AutomationTests\Config\Driver.cs:line 77
   at AutomationTests.nsanet.com.AroEntryTest.Setup() in C:\Users\jcrocker\New folder (3)\JPAutomation\AutomationTests\AutomationTests\Tests\NSA Net\AroEntryTest.cs:line 45
--TearDown
   at AutomationTests.ExtentHelper.LogTest(TestContext testContext, Driver driver) in C:\Users\jcrocker\New folder (3)\JPAutomation\AutomationTests\AutomationTests\Tests\ExtentHelper.cs:line 73
   at AutomationTests.nsanet.com.AroEntryTest.TearDown() in C:\Users\jcrocker\New folder (3)\JPAutomation\AutomationTests\AutomationTests\Tests\NSA Net\AroEntryTest.cs:line 197]]></stack-trace>
                </failure>
              </test-case>
              <test-case id="0-1055" name="AROEntry_NSANet_Generic(&quot;USA&quot;,&quot;140 Crescent Dr.&quot;,&quot;38017&quot;,&quot;Collierville&quot;,&quot;Tennessee&quot;,&quot;N/A&quot;,&quot;9018502938&quot;,&quot;9018502938&quot;,&quot;N/A&quot;,&quot;2000&quot;,&quot;Visa&quot;,&quot;4242424242424242&quot;,&quot;01&quot;,&quot;25&quot;)" fullname="AutomationTests.nsanet.com.AroEntryTest.AROEntry_NSANet_Generic(&quot;USA&quot;,&quot;140 Crescent Dr.&quot;,&quot;38017&quot;,&quot;Collierville&quot;,&quot;Tennessee&quot;,&quot;N/A&quot;,&quot;9018502938&quot;,&quot;9018502938&quot;,&quot;N/A&quot;,&quot;2000&quot;,&quot;Visa&quot;,&quot;4242424242424242&quot;,&quot;01&quot;,&quot;25&quot;)" methodname="AROEntry_NSANet_Generic" classname="AutomationTests.nsanet.com.AroEntryTest" runstate="Runnable" seed="286386791" result="Failed" label="Error" start-time="2020-09-30 21:48:04Z" end-time="2020-09-30 21:48:08Z" duration="4.415320" asserts="0">
                <failure>
                  <message><![CDATA[System.InvalidOperationException : session not created: This version of ChromeDriver only supports Chrome version 83 (SessionNotCreated)
TearDown : System.NullReferenceException : Object reference not set to an instance of an object.]]></message>
                  <stack-trace><![CDATA[   at OpenQA.Selenium.Remote.RemoteWebDriver.UnpackAndThrowOnError(Response errorResponse)
   at OpenQA.Selenium.Remote.RemoteWebDriver.Execute(String driverCommandToExecute, Dictionary`2 parameters)
   at OpenQA.Selenium.Remote.RemoteWebDriver.StartSession(ICapabilities desiredCapabilities)
   at OpenQA.Selenium.Remote.RemoteWebDriver..ctor(ICommandExecutor commandExecutor, ICapabilities desiredCapabilities)
   at OpenQA.Selenium.Chrome.ChromeDriver..ctor(ChromeDriverService service, ChromeOptions options, TimeSpan commandTimeout)
   at OpenQA.Selenium.Chrome.ChromeDriver..ctor(ChromeOptions options)
   at AutomationTests.ConfigElements.Driver..ctor(BrowserType browserType) in C:\Users\jcrocker\New folder (3)\JPAutomation\AutomationTests\AutomationTests\Config\Driver.cs:line 77
   at AutomationTests.nsanet.com.AroEntryTest.Setup() in C:\Users\jcrocker\New folder (3)\JPAutomation\AutomationTests\AutomationTests\Tests\NSA Net\AroEntryTest.cs:line 45
--TearDown
   at AutomationTests.ExtentHelper.LogTest(TestContext testContext, Driver driver) in C:\Users\jcrocker\New folder (3)\JPAutomation\AutomationTests\AutomationTests\Tests\ExtentHelper.cs:line 73
   at AutomationTests.nsanet.com.AroEntryTest.TearDown() in C:\Users\jcrocker\New folder (3)\JPAutomation\AutomationTests\AutomationTests\Tests\NSA Net\AroEntryTest.cs:line 197]]></stack-trace>
                </failure>
              </test-case>
            </test-suite>
          </test-suite>
          <test-suite type="TestFixture" id="0-1061" name="AroMaintenanceTest" fullname="AutomationTests.nsanet.com.AroMaintenanceTest" classname="AutomationTests.nsanet.com.AroMaintenanceTest" runstate="Runnable" testcasecount="22" result="Failed" site="Child" start-time="2020-09-30 21:47:54Z" end-time="2020-09-30 21:48:11Z" duration="17.445480" total="22" passed="0" failed="22" warnings="0" inconclusive="0" skipped="0" asserts="0">
            <properties>
              <property name="ParallelScope" value="All" />
            </properties>
            <failure>
              <message><![CDATA[One or more child tests had errors]]></message>
            </failure>
            <test-case id="0-1084" name="CancelAROs_US" fullname="AutomationTests.nsanet.com.AroMaintenanceTest.CancelAROs_US" methodname="CancelAROs_US" classname="AutomationTests.nsanet.com.AroMaintenanceTest" runstate="Runnable" seed="1365377113" result="Failed" label="Error" start-time="2020-09-30 21:48:08Z" end-time="2020-09-30 21:48:11Z" duration="2.952425" asserts="0">
              <properties>
                <property name="Description" value="Cancel All AROs" />
                <property name="Category" value="AROMaintenance" />
                <property name="Category" value="AROMaintenance" />
                <property name="Repeat" value="1" />
              </properties>
              <failure>
                <message><![CDATA[System.InvalidOperationException : session not created: This version of ChromeDriver only supports Chrome version 83 (SessionNotCreated)
TearDown : System.NullReferenceException : Object reference not set to an instance of an object.]]></message>
                <stack-trace><![CDATA[   at OpenQA.Selenium.Remote.RemoteWebDriver.UnpackAndThrowOnError(Response errorResponse)
   at OpenQA.Selenium.Remote.RemoteWebDriver.Execute(String driverCommandToExecute, Dictionary`2 parameters)
   at OpenQA.Selenium.Remote.RemoteWebDriver.StartSession(ICapabilities desiredCapabilities)
   at OpenQA.Selenium.Remote.RemoteWebDriver..ctor(ICommandExecutor commandExecutor, ICapabilities desiredCapabilities)
   at OpenQA.Selenium.Chrome.ChromeDriver..ctor(ChromeDriverService service, ChromeOptions options, TimeSpan commandTimeout)
   at OpenQA.Selenium.Chrome.ChromeDriver..ctor(ChromeOptions options)
   at AutomationTests.ConfigElements.Driver..ctor(BrowserType browserType) in C:\Users\jcrocker\New folder (3)\JPAutomation\AutomationTests\AutomationTests\Config\Driver.cs:line 77
   at AutomationTests.nsanet.com.AroMaintenanceTest.Setup() in C:\Users\jcrocker\New folder (3)\JPAutomation\AutomationTests\AutomationTests\Tests\NSA Net\AroMaintenanceTest.cs:line 44
--TearDown
   at AutomationTests.ExtentHelper.LogTest(TestContext testContext, Driver driver) in C:\Users\jcrocker\New folder (3)\JPAutomation\AutomationTests\AutomationTests\Tests\ExtentHelper.cs:line 73
   at AutomationTests.nsanet.com.AroMaintenanceTest.TearDown() in C:\Users\jcrocker\New folder (3)\JPAutomation\AutomationTests\AutomationTests\Tests\NSA Net\AroMaintenanceTest.cs:line 219]]></stack-trace>
              </failure>
            </test-case>
            <test-case id="0-1082" name="AROMaintenance_NSANet_CA" fullname="AutomationTests.nsanet.com.AroMaintenanceTest.AROMaintenance_NSANet_CA" methodname="AROMaintenance_NSANet_CA" classname="AutomationTests.nsanet.com.AroMaintenanceTest" runstate="Runnable" seed="683443942" result="Failed" label="Error" start-time="2020-09-30 21:48:08Z" end-time="2020-09-30 21:48:11Z" duration="2.989011" asserts="0">
              <properties>
                <property name="Description" value="Create and Edit CA ARO on NSA Net Aro Maintenance" />
                <property name="Category" value="LegacyRegression" />
                <property name="Category" value="AROMaintenance" />
                <property name="Repeat" value="1" />
              </properties>
              <failure>
                <message><![CDATA[System.InvalidOperationException : session not created: This version of ChromeDriver only supports Chrome version 83 (SessionNotCreated)
[...]
   at OpenQA.Selenium.Remote.RemoteWebDriver..ctor(ICommandExecutor commandExecutor, ICapabilities desiredCapabilities)
   at OpenQA.Selenium.Chrome.ChromeDriver..ctor(ChromeDriverService service, ChromeOptions options, TimeSpan commandTimeout)
   at OpenQA.Selenium.Chrome.ChromeDriver..ctor(ChromeOptions options)
   at AutomationTests.ConfigElements.Driver..ctor(BrowserType browserType) in C:\Users\jcrocker\New folder (3)\JPAutomation\AutomationTests\AutomationTests\Config\Driver.cs:line 77
   at AutomationTests.rc.nsaonline.SharedCartVOTest.Setup() in C:\Users\jcrocker\New folder (3)\JPAutomation\AutomationTests\AutomationTests\Tests\Virtual Office\SharedCart_VO.cs:line 36
--TearDown
   at System.Collections.Concurrent.ConcurrentDictionary`2.get_Item(TKey key)
   at AutomationTests.rc.nsaonline.SharedCartVOTest.TearDown() in C:\Users\jcrocker\New folder (3)\JPAutomation\AutomationTests\AutomationTests\Tests\Virtual Office\SharedCart_VO.cs:line 874]]></stack-trace>
              </failure>
            </test-case>
            <test-case id="0-1023" name="SharedCart_VO_Sweden" fullname="AutomationTests.rc.nsaonline.SharedCartVOTest.SharedCart_VO_Sweden" methodname="SharedCart_VO_Sweden" classname="AutomationTests.rc.nsaonline.SharedCartVOTest" runstate="Runnable" seed="1027564346" result="Failed" label="Error" start-time="2020-09-30 21:47:57Z" end-time="2020-09-30 21:48:02Z" duration="4.928169" asserts="0">
              <properties>
                <property name="Description" value="Shared Cart Sweden" />
                <property name="Category" value="LegacyRegression" />
                <property name="Category" value="Virtual Office" />
                <property name="Category" value="Shared Cart" />
                <property name="Repeat" value="1" />
              </properties>
              <failure>
                <message><![CDATA[System.InvalidOperationException : session not created: This version of ChromeDriver only supports Chrome version 83 (SessionNotCreated)
TearDown : System.Collections.Generic.KeyNotFoundException : The given key was not present in the dictionary.]]></message>
                <stack-trace><![CDATA[   at OpenQA.Selenium.Remote.RemoteWebDriver.UnpackAndThrowOnError(Response errorResponse)
   at OpenQA.Selenium.Remote.RemoteWebDriver.Execute(String driverCommandToExecute, Dictionary`2 parameters)
   at OpenQA.Selenium.Remote.RemoteWebDriver.StartSession(ICapabilities desiredCapabilities)
   at OpenQA.Selenium.Remote.RemoteWebDriver..ctor(ICommandExecutor commandExecutor, ICapabilities desiredCapabilities)
   at OpenQA.Selenium.Chrome.ChromeDriver..ctor(ChromeDriverService service, ChromeOptions options, TimeSpan commandTimeout)
   at OpenQA.Selenium.Chrome.ChromeDriver..ctor(ChromeOptions options)
   at AutomationTests.ConfigElements.Driver..ctor(BrowserType browserType) in C:\Users\jcrocker\New folder (3)\JPAutomation\AutomationTests\AutomationTests\Config\Driver.cs:line 77
   at AutomationTests.rc.nsaonline.SharedCartVOTest.Setup() in C:\Users\jcrocker\New folder (3)\JPAutomation\AutomationTests\AutomationTests\Tests\Virtual Office\SharedCart_VO.cs:line 36
--TearDown
   at System.Collections.Concurrent.ConcurrentDictionary`2.get_Item(TKey key)
   at AutomationTests.rc.nsaonline.SharedCartVOTest.TearDown() in C:\Users\jcrocker\New folder (3)\JPAutomation\AutomationTests\AutomationTests\Tests\Virtual Office\SharedCart_VO.cs:line 874]]></stack-trace>
              </failure>
            </test-case>
          </test-suite>
          <test-suite type="TestFixture" id="0-1002" name="AROEntryVOTest" fullname="AutomationTests.rc.nsaonline.AROEntryVOTest" classname="AutomationTests.rc.nsaonline.AROEntryVOTest" runstate="Runnable" testcasecount="3" result="Failed" site="Child" start-time="2020-09-30 21:48:17Z" end-time="2020-09-30 21:48:20Z" duration="3.197821" total="3" passed="0" failed="3" warnings="0" inconclusive="0" skipped="0" asserts="0">
            <failure>
              <message><![CDATA[One or more child tests had errors]]></message>
            </failure>
            <test-case id="0-1005" name="AROEntry_VO_AU" fullname="AutomationTests.rc.nsaonline.AROEntryVOTest.AROEntry_VO_AU" methodname="AROEntry_VO_AU" classname="AutomationTests.rc.nsaonline.AROEntryVOTest" runstate="Runnable" seed="203896912" result="Failed" label="Error" start-time="2020-09-30 21:48:17Z" end-time="2020-09-30 21:48:18Z" duration="1.061570" asserts="0">
              <properties>
                <property name="Description" value="Create AU ARO on VO." />
                <property name="Category" value="LegacyRegression" />
                <property name="Category" value="Virtual Office" />
                <property name="Repeat" value="1" />
              </properties>
              <failure>
                <message><![CDATA[System.InvalidOperationException : session not created: This version of ChromeDriver only supports Chrome version 83 (SessionNotCreated)
TearDown : System.NullReferenceException : Object reference not set to an instance of an object.]]></message>
                <stack-trace><![CDATA[   at OpenQA.Selenium.Remote.RemoteWebDriver.UnpackAndThrowOnError(Response errorResponse)
   at OpenQA.Selenium.Remote.RemoteWebDriver.Execute(String driverCommandToExecute, Dictionary`2 parameters)
   at OpenQA.Selenium.Remote.RemoteWebDriver.StartSession(ICapabilities desiredCapabilities)
   at OpenQA.Selenium.Remote.RemoteWebDriver..ctor(ICommandExecutor commandExecutor, ICapabilities desiredCapabilities)
   at OpenQA.Selenium.Chrome.ChromeDriver..ctor(ChromeDriverService service, ChromeOptions options, TimeSpan commandTimeout)
   at OpenQA.Selenium.Chrome.ChromeDriver..ctor(ChromeOptions options)
   at AutomationTests.ConfigElements.Driver..ctor(BrowserType browserType) in C:\Users\jcrocker\New folder (3)\JPAutomation\AutomationTests\AutomationTests\Config\Driver.cs:line 77
   at AutomationTests.rc.nsaonline.AROEntryVOTest.Setup() in C:\Users\jcrocker\New folder (3)\JPAutomation\AutomationTests\AutomationTests\Tests\Virtual Office\AROEntry_VO.cs:line 42
--TearDown
   at AutomationTests.rc.nsaonline.AROEntryVOTest.TearDown() in C:\Users\jcrocker\New folder (3)\JPAutomation\AutomationTests\AutomationTests\Tests\Virtual Office\AROEntry_VO.cs:line 142]]></stack-trace>
              </failure>
            </test-case>
            <test-case id="0-1004" name="AROEntry_VO_CA" fullname="AutomationTests.rc.nsaonline.AROEntryVOTest.AROEntry_VO_CA" methodname="AROEntry_VO_CA" classname="AutomationTests.rc.nsaonline.AROEntryVOTest" runstate="Runnable" seed="1111574030" result="Failed" label="Error" start-time="2020-09-30 21:48:18Z" end-time="2020-09-30 21:48:19Z" duration="1.061215" asserts="0">
              <properties>
                <property name="Description" value="Create CA ARO on VO." />
                <property name="Category" value="LegacyRegression" />
                <property name="Category" value="Virtual Office" />
                <property name="Repeat" value="1" />
              </properties>
              <failure>
                <message><![CDATA[System.InvalidOperationException : session not created: This version of ChromeDriver only supports Chrome version 83 (SessionNotCreated)
TearDown : System.NullReferenceException : Object reference not set to an instance of an object.]]></message>
                <stack-trace><![CDATA[   at OpenQA.Selenium.Remote.RemoteWebDriver.UnpackAndThrowOnError(Response errorResponse)
   at OpenQA.Selenium.Remote.RemoteWebDriver.Execute(String driverCommandToExecute, Dictionary`2 parameters)
   at OpenQA.Selenium.Remote.RemoteWebDriver.StartSession(ICapabilities desiredCapabilities)
   at OpenQA.Selenium.Remote.RemoteWebDriver..ctor(ICommandExecutor commandExecutor, ICapabilities desiredCapabilities)
   at OpenQA.Selenium.Chrome.ChromeDriver..ctor(ChromeDriverService service, ChromeOptions options, TimeSpan commandTimeout)
   at OpenQA.Selenium.Chrome.ChromeDriver..ctor(ChromeOptions options)
   at AutomationTests.ConfigElements.Driver..ctor(BrowserType browserType) in C:\Users\jcrocker\New folder (3)\JPAutomation\AutomationTests\AutomationTests\Config\Driver.cs:line 77
   at AutomationTests.rc.nsaonline.AROEntryVOTest.Setup() in C:\Users\jcrocker\New folder (3)\JPAutomation\AutomationTests\AutomationTests\Tests\Virtual Office\AROEntry_VO.cs:line 42
--TearDown
   at AutomationTests.rc.nsaonline.AROEntryVOTest.TearDown() in C:\Users\jcrocker\New folder (3)\JPAutomation\AutomationTests\AutomationTests\Tests\Virtual Office\AROEntry_VO.cs:line 142]]></stack-trace>
              </failure>
            </test-case>
            <test-case id="0-1003" name="AROEntry_VO_US" fullname="AutomationTests.rc.nsaonline.AROEntryVOTest.AROEntry_VO_US" methodname="AROEntry_VO_US" classname="AutomationTests.rc.nsaonline.AROEntryVOTest" runstate="Runnable" seed="247536701" result="Failed" label="Error" start-time="2020-09-30 21:48:19Z" end-time="2020-09-30 21:48:20Z" duration="1.074887" asserts="0">
              <properties>
                <property name="Description" value="Create US ARO on VO." />
                <property name="Category" value="LegacyRegression" />
                <property name="Category" value="Virtual Office" />
                <property name="Repeat" value="1" />
              </properties>
              <failure>
                <message><![CDATA[System.InvalidOperationException : session not created: This version of ChromeDriver only supports Chrome version 83 (SessionNotCreated)
TearDown : System.NullReferenceException : Object reference not set to an instance of an object.]]></message>
                <stack-trace><![CDATA[   at OpenQA.Selenium.Remote.RemoteWebDriver.UnpackAndThrowOnError(Response errorResponse)
   at OpenQA.Selenium.Remote.RemoteWebDriver.Execute(String driverCommandToExecute, Dictionary`2 parameters)
   at OpenQA.Selenium.Remote.RemoteWebDriver.StartSession(ICapabilities desiredCapabilities)
   at OpenQA.Selenium.Remote.RemoteWebDriver..ctor(ICommandExecutor commandExecutor, ICapabilities desiredCapabilities)
   at OpenQA.Selenium.Chrome.ChromeDriver..ctor(ChromeDriverService service, ChromeOptions options, TimeSpan commandTimeout)
   at OpenQA.Selenium.Chrome.ChromeDriver..ctor(ChromeOptions options)
   at AutomationTests.ConfigElements.Driver..ctor(BrowserType browserType) in C:\Users\jcrocker\New folder (3)\JPAutomation\AutomationTests\AutomationTests\Config\Driver.cs:line 77
   at AutomationTests.rc.nsaonline.AROEntryVOTest.Setup() in C:\Users\jcrocker\New folder (3)\JPAutomation\AutomationTests\AutomationTests\Tests\Virtual Office\AROEntry_VO.cs:line 42
--TearDown
   at AutomationTests.rc.nsaonline.AROEntryVOTest.TearDown() in C:\Users\jcrocker\New folder (3)\JPAutomation\AutomationTests\AutomationTests\Tests\Virtual Office\AROEntry_VO.cs:line 142]]></stack-trace>
              </failure>
            </test-case>
          </test-suite>
          <test-suite type="TestFixture" id="0-1024" name="ViewPvcReportTest" fullname="AutomationTests.rc.nsaonline.ViewPvcReportTest" classname="AutomationTests.rc.nsaonline.ViewPvcReportTest" runstate="Runnable" testcasecount="1" result="Failed" site="Child" start-time="2020-09-30 21:48:20Z" end-time="2020-09-30 21:48:21Z" duration="1.054168" total="1" passed="0" failed="1" warnings="0" inconclusive="0" skipped="0" asserts="0">
            <failure>
              <message><![CDATA[One or more child tests had errors]]></message>
            </failure>
            <test-case id="0-1025" name="ViewPvcReport_VO_US" fullname="AutomationTests.rc.nsaonline.ViewPvcReportTest.ViewPvcReport_VO_US" methodname="ViewPvcReport_VO_US" classname="AutomationTests.rc.nsaonline.ViewPvcReportTest" runstate="Runnable" seed="251090341" result="Failed" label="Error" start-time="2020-09-30 21:48:20Z" end-time="2020-09-30 21:48:21Z" duration="1.054026" asserts="0">
              <properties>
                <property name="Category" value="LegacyRegression" />
                <property name="Category" value="Virtual Office" />
                <property name="Description" value="View Pvc Report in Virtual Office." />
                <property name="Repeat" value="1" />
              </properties>
              <failure>
                <message><![CDATA[System.InvalidOperationException : session not created: This version of ChromeDriver only supports Chrome version 83 (SessionNotCreated)
TearDown : System.NullReferenceException : Object reference not set to an instance of an object.]]></message>
                <stack-trace><![CDATA[   at OpenQA.Selenium.Remote.RemoteWebDriver.UnpackAndThrowOnError(Response errorResponse)
   at OpenQA.Selenium.Remote.RemoteWebDriver.Execute(String driverCommandToExecute, Dictionary`2 parameters)
   at OpenQA.Selenium.Remote.RemoteWebDriver.StartSession(ICapabilities desiredCapabilities)
   at OpenQA.Selenium.Remote.RemoteWebDriver..ctor(ICommandExecutor commandExecutor, ICapabilities desiredCapabilities)
   at OpenQA.Selenium.Chrome.ChromeDriver..ctor(ChromeDriverService service, ChromeOptions options, TimeSpan commandTimeout)
   at OpenQA.Selenium.Chrome.ChromeDriver..ctor(ChromeOptions options)
   at AutomationTests.ConfigElements.Driver..ctor(BrowserType browserType) in C:\Users\jcrocker\New folder (3)\JPAutomation\AutomationTests\AutomationTests\Config\Driver.cs:line 77
   at AutomationTests.rc.nsaonline.ViewPvcReportTest.Setup() in C:\Users\jcrocker\New folder (3)\JPAutomation\AutomationTests\AutomationTests\Tests\Virtual Office\ViewPvcReportTest.cs:line 40
--TearDown
   at AutomationTests.rc.nsaonline.ViewPvcReportTest.TearDown() in C:\Users\jcrocker\New folder (3)\JPAutomation\AutomationTests\AutomationTests\Tests\Virtual Office\ViewPvcReportTest.cs:line 68]]></stack-trace>
              </failure>
            </test-case>
          </test-suite>
        </test-suite>
      </test-suite>
      <test-suite type="TestSuite" id="0-1101" name="towergarden" fullname="AutomationTests.towergarden" runstate="Runnable" testcasecount="2" result="Failed" site="Child" start-time="2020-09-30 21:47:50Z" end-time="2020-09-30 21:48:23Z" duration="33.563193" total="2" passed="0" failed="2" warnings="0" inconclusive="0" skipped="0" asserts="0">
        <failure>
          <message><![CDATA[One or more child tests had errors]]></message>
        </failure>
        <test-suite type="TestSuite" id="0-1102" name="com" fullname="AutomationTests.towergarden.com" runstate="Runnable" testcasecount="2" result="Failed" site="Child" start-time="2020-09-30 21:47:50Z" end-time="2020-09-30 21:48:23Z" duration="33.563189" total="2" passed="0" failed="2" warnings="0" inconclusive="0" skipped="0" asserts="0">
          <failure>
            <message><![CDATA[One or more child tests had errors]]></message>
          </failure>
          <test-suite type="TestFixture" id="0-1033" name="CreateAROTest" fullname="AutomationTests.towergarden.com.CreateAROTest" classname="AutomationTests.towergarden.com.CreateAROTest" runstate="Runnable" testcasecount="2" result="Failed" site="Child" start-time="2020-09-30 21:48:21Z" end-time="2020-09-30 21:48:23Z" duration="2.140047" total="2" passed="0" failed="2" warnings="0" inconclusive="0" skipped="0" asserts="0">
            <failure>
              <message><![CDATA[One or more child tests had errors]]></message>
            </failure>
            <test-case id="0-1035" name="CreateARO_TG_CA" fullname="AutomationTests.towergarden.com.CreateAROTest.CreateARO_TG_CA" methodname="CreateARO_TG_CA" classname="AutomationTests.towergarden.com.CreateAROTest" runstate="Runnable" seed="1074973687" result="Failed" label="Error" start-time="2020-09-30 21:48:21Z" end-time="2020-09-30 21:48:22Z" duration="1.062001" asserts="0">
              <properties>
                <property name="Description" value="Create ARO on CA Tower Garden Store" />
                <property name="Category" value="LegacyRegression" />
              </properties>
              <failure>
                <message><![CDATA[System.InvalidOperationException : session not created: This version of ChromeDriver only supports Chrome version 83 (SessionNotCreated)
TearDown : System.NullReferenceException : Object reference not set to an instance of an object.]]></message>
                <stack-trace><![CDATA[   at OpenQA.Selenium.Remote.RemoteWebDriver.UnpackAndThrowOnError(Response errorResponse)
   at OpenQA.Selenium.Remote.RemoteWebDriver.Execute(String driverCommandToExecute, Dictionary`2 parameters)
   at OpenQA.Selenium.Remote.RemoteWebDriver.StartSession(ICapabilities desiredCapabilities)
   at OpenQA.Selenium.Remote.RemoteWebDriver..ctor(ICommandExecutor commandExecutor, ICapabilities desiredCapabilities)
   at OpenQA.Selenium.Chrome.ChromeDriver..ctor(ChromeDriverService service, ChromeOptions options, TimeSpan commandTimeout)
   at OpenQA.Selenium.Chrome.ChromeDriver..ctor(ChromeOptions options)
   at AutomationTests.ConfigElements.Driver..ctor(BrowserType browserType) in C:\Users\jcrocker\New folder (3)\JPAutomation\AutomationTests\AutomationTests\Config\Driver.cs:line 77
   at AutomationTests.towergarden.com.CreateAROTest.Setup() in C:\Users\jcrocker\New folder (3)\JPAutomation\AutomationTests\AutomationTests\Tests\Tower Garden Store\CreateARO.cs:line 36
--TearDown
   at AutomationTests.towergarden.com.CreateAROTest.TearDown() in C:\Users\jcrocker\New folder (3)\JPAutomation\AutomationTests\AutomationTests\Tests\Tower Garden Store\CreateARO.cs:line 91]]></stack-trace>
              </failure>
            </test-case>
            <test-case id="0-1034" name="CreateARO_TG_US" fullname="AutomationTests.towergarden.com.CreateAROTest.CreateARO_TG_US" methodname="CreateARO_TG_US" classname="AutomationTests.towergarden.com.CreateAROTest" runstate="Runnable" seed="395403686" result="Failed" label="Error" start-time="2020-09-30 21:48:22Z" end-time="2020-09-30 21:48:23Z" duration="1.077907" asserts="0">
              <properties>
                <property name="Description" value="Create ARO on US Tower Garden Store" />
                <property name="Category" value="LegacyRegression" />
                <property name="Repeat" value="1" />
              </properties>
              <failure>
                <message><![CDATA[System.InvalidOperationException : session not created: This version of ChromeDriver only supports Chrome version 83 (SessionNotCreated)
TearDown : System.NullReferenceException : Object reference not set to an instance of an object.]]></message>
                <stack-trace><![CDATA[   at OpenQA.Selenium.Remote.RemoteWebDriver.UnpackAndThrowOnError(Response errorResponse)
   at OpenQA.Selenium.Remote.RemoteWebDriver.Execute(String driverCommandToExecute, Dictionary`2 parameters)
   at OpenQA.Selenium.Remote.RemoteWebDriver.StartSession(ICapabilities desiredCapabilities)
   at OpenQA.Selenium.Remote.RemoteWebDriver..ctor(ICommandExecutor commandExecutor, ICapabilities desiredCapabilities)
   at OpenQA.Selenium.Chrome.ChromeDriver..ctor(ChromeDriverService service, ChromeOptions options, TimeSpan commandTimeout)
   at OpenQA.Selenium.Chrome.ChromeDriver..ctor(ChromeOptions options)
   at AutomationTests.ConfigElements.Driver..ctor(BrowserType browserType) in C:\Users\jcrocker\New folder (3)\JPAutomation\AutomationTests\AutomationTests\Config\Driver.cs:line 77
   at AutomationTests.towergarden.com.CreateAROTest.Setup() in C:\Users\jcrocker\New folder (3)\JPAutomation\AutomationTests\AutomationTests\Tests\Tower Garden Store\CreateARO.cs:line 36
--TearDown
   at AutomationTests.towergarden.com.CreateAROTest.TearDown() in C:\Users\jcrocker\New folder (3)\JPAutomation\AutomationTests\AutomationTests\Tests\Tower Garden Store\CreateARO.cs:line 91]]></stack-trace>
              </failure>
            </test-case>
          </test-suite>
        </test-suite>
      </test-suite>
    </test-suite>
  </test-suite>
</test-run>